2019-03-17 18:01:47,357:GAIRL:INFO: 
******************************************************
************  Training generative model  *************
******************************************************

2019-03-17 18:01:47,357:GAIRL:INFO: 
******************************************************


******************************************************
************  Model-based reinforcement  *************
******************************************************

2019-03-17 18:01:47,357:GAIRL:INFO: 
******************************************************


******************************************************
************  Back to real environment  **************
******************************************************

2019-03-17 18:02:29,244:GAIRL:INFO: 
******************************************************
************  Training generative model  *************
******************************************************

2019-03-17 18:02:29,244:GAIRL:INFO: 
******************************************************


******************************************************
************  Model-based reinforcement  *************
******************************************************

2019-03-17 18:02:29,244:GAIRL:INFO: 
******************************************************


******************************************************
************  Back to real environment  **************
******************************************************

2019-03-17 18:03:09,074:GAIRL:INFO: 
******************************************************
************  Training generative model  *************
******************************************************

2019-03-17 18:03:09,074:GAIRL:INFO: 
******************************************************


******************************************************
************  Model-based reinforcement  *************
******************************************************

2019-03-17 18:03:09,074:GAIRL:INFO: 
******************************************************


******************************************************
************  Back to real environment  **************
******************************************************

2019-03-17 18:03:52,869:GAIRL:INFO: 
******************************************************
************  Training generative model  *************
******************************************************

2019-03-17 18:03:52,869:GAIRL:INFO: 
******************************************************


******************************************************
************  Model-based reinforcement  *************
******************************************************

2019-03-17 18:03:52,869:GAIRL:INFO: 
******************************************************


******************************************************
************  Back to real environment  **************
******************************************************

2019-03-17 18:04:38,261:GAIRL:INFO: 
******************************************************
************  Training generative model  *************
******************************************************

2019-03-17 18:04:38,261:GAIRL:INFO: 
******************************************************


******************************************************
************  Model-based reinforcement  *************
******************************************************

2019-03-17 18:04:38,261:GAIRL:INFO: 
******************************************************


******************************************************
************  Back to real environment  **************
******************************************************

2019-03-17 18:05:23,644:GAIRL:INFO: 
******************************************************
************  Training generative model  *************
******************************************************

2019-03-17 18:05:23,644:GAIRL:INFO: 
******************************************************


******************************************************
************  Model-based reinforcement  *************
******************************************************

2019-03-17 18:05:23,644:GAIRL:INFO: 
******************************************************


******************************************************
************  Back to real environment  **************
******************************************************

2019-03-17 18:06:07,527:GAIRL:INFO: 
******************************************************
************  Training generative model  *************
******************************************************

2019-03-17 18:06:07,527:GAIRL:INFO: 
******************************************************


******************************************************
************  Model-based reinforcement  *************
******************************************************

2019-03-17 18:06:07,527:GAIRL:INFO: 
******************************************************


******************************************************
************  Back to real environment  **************
******************************************************

2019-03-17 18:06:53,628:GAIRL:INFO: 
******************************************************
************  Training generative model  *************
******************************************************

2019-03-17 18:06:53,628:GAIRL:INFO: 
******************************************************


******************************************************
************  Model-based reinforcement  *************
******************************************************

2019-03-17 18:06:53,628:GAIRL:INFO: 
******************************************************


******************************************************
************  Back to real environment  **************
******************************************************

2019-03-17 18:07:39,585:GAIRL:INFO: 
******************************************************
************  Training generative model  *************
******************************************************

2019-03-17 18:07:39,585:GAIRL:INFO: 
******************************************************


******************************************************
************  Model-based reinforcement  *************
******************************************************

2019-03-17 18:07:39,586:GAIRL:INFO: 
******************************************************


******************************************************
************  Back to real environment  **************
******************************************************

2019-03-17 18:08:25,048:GAIRL:INFO: 
******************************************************
************  Training generative model  *************
******************************************************

2019-03-17 18:08:25,049:GAIRL:INFO: 
******************************************************


******************************************************
************  Model-based reinforcement  *************
******************************************************

2019-03-17 18:08:25,049:GAIRL:INFO: 
******************************************************


******************************************************
************  Back to real environment  **************
******************************************************

2019-03-17 18:09:12,076:GAIRL:INFO: 
******************************************************
************  Training generative model  *************
******************************************************

2019-03-17 18:09:12,076:GAIRL:INFO: 
******************************************************


******************************************************
************  Model-based reinforcement  *************
******************************************************

2019-03-17 18:09:12,077:GAIRL:INFO: 
******************************************************


******************************************************
************  Back to real environment  **************
******************************************************

2019-03-17 18:09:58,229:GAIRL:INFO: 
******************************************************
************  Training generative model  *************
******************************************************

2019-03-17 18:09:58,229:GAIRL:INFO: 
******************************************************


******************************************************
************  Model-based reinforcement  *************
******************************************************

2019-03-17 18:09:58,229:GAIRL:INFO: 
******************************************************


******************************************************
************  Back to real environment  **************
******************************************************

2019-03-17 18:10:42,740:GAIRL:INFO: 
******************************************************
************  Training generative model  *************
******************************************************

2019-03-17 18:10:42,740:GAIRL:INFO: 
******************************************************


******************************************************
************  Model-based reinforcement  *************
******************************************************

2019-03-17 18:10:42,740:GAIRL:INFO: 
******************************************************


******************************************************
************  Back to real environment  **************
******************************************************

2019-03-17 18:11:27,774:GAIRL:INFO: 
******************************************************
************  Training generative model  *************
******************************************************

2019-03-17 18:11:27,774:GAIRL:INFO: 
******************************************************


******************************************************
************  Model-based reinforcement  *************
******************************************************

2019-03-17 18:11:27,774:GAIRL:INFO: 
******************************************************


******************************************************
************  Back to real environment  **************
******************************************************

2019-03-17 18:12:12,650:GAIRL:INFO: 
******************************************************
************  Training generative model  *************
******************************************************

2019-03-17 18:12:12,651:GAIRL:INFO: 
******************************************************


******************************************************
************  Model-based reinforcement  *************
******************************************************

2019-03-17 18:12:12,651:GAIRL:INFO: 
******************************************************


******************************************************
************  Back to real environment  **************
******************************************************

2019-03-17 18:12:59,565:GAIRL:INFO: 
******************************************************
************  Training generative model  *************
******************************************************

2019-03-17 18:12:59,566:GAIRL:INFO: 
******************************************************


******************************************************
************  Model-based reinforcement  *************
******************************************************

2019-03-17 18:12:59,566:GAIRL:INFO: 
******************************************************


******************************************************
************  Back to real environment  **************
******************************************************

2019-03-17 18:13:41,677:GAIRL:INFO: 
******************************************************
************  Training generative model  *************
******************************************************

2019-03-17 18:13:41,677:GAIRL:INFO: 
******************************************************


******************************************************
************  Model-based reinforcement  *************
******************************************************

2019-03-17 18:13:41,677:GAIRL:INFO: 
******************************************************


******************************************************
************  Back to real environment  **************
******************************************************

2019-03-17 18:14:21,565:GAIRL:INFO: 
******************************************************
************  Training generative model  *************
******************************************************

2019-03-17 18:14:21,566:GAIRL:INFO: 
******************************************************


******************************************************
************  Model-based reinforcement  *************
******************************************************

2019-03-17 18:14:21,566:GAIRL:INFO: 
******************************************************


******************************************************
************  Back to real environment  **************
******************************************************

2019-03-17 18:15:07,041:GAIRL:INFO: 
******************************************************
************  Training generative model  *************
******************************************************

2019-03-17 18:15:07,041:GAIRL:INFO: 
******************************************************


******************************************************
************  Model-based reinforcement  *************
******************************************************

2019-03-17 18:15:07,041:GAIRL:INFO: 
******************************************************


******************************************************
************  Back to real environment  **************
******************************************************

2019-03-17 18:15:53,214:GAIRL:INFO: 
******************************************************
************  Training generative model  *************
******************************************************

2019-03-17 18:15:53,215:GAIRL:INFO: 
******************************************************


******************************************************
************  Model-based reinforcement  *************
******************************************************

2019-03-17 18:15:53,215:GAIRL:INFO: 
******************************************************


******************************************************
************  Back to real environment  **************
******************************************************

2019-03-17 18:16:38,944:GAIRL:INFO: 
******************************************************
************  Training generative model  *************
******************************************************

2019-03-17 18:16:38,944:GAIRL:INFO: 
******************************************************


******************************************************
************  Model-based reinforcement  *************
******************************************************

2019-03-17 18:16:38,944:GAIRL:INFO: 
******************************************************


******************************************************
************  Back to real environment  **************
******************************************************

2019-03-17 18:17:20,414:GAIRL:INFO: 
******************************************************
************  Training generative model  *************
******************************************************

2019-03-17 18:17:20,415:GAIRL:INFO: 
******************************************************


******************************************************
************  Model-based reinforcement  *************
******************************************************

2019-03-17 18:17:20,415:GAIRL:INFO: 
******************************************************


******************************************************
************  Back to real environment  **************
******************************************************

2019-03-17 18:18:00,879:GAIRL:INFO: 
******************************************************
************  Training generative model  *************
******************************************************

2019-03-17 18:18:00,879:GAIRL:INFO: 
******************************************************


******************************************************
************  Model-based reinforcement  *************
******************************************************

2019-03-17 18:18:00,879:GAIRL:INFO: 
******************************************************


******************************************************
************  Back to real environment  **************
******************************************************

2019-03-17 18:18:43,212:GAIRL:INFO: 
******************************************************
************  Training generative model  *************
******************************************************

2019-03-17 18:18:43,212:GAIRL:INFO: 
******************************************************


******************************************************
************  Model-based reinforcement  *************
******************************************************

2019-03-17 18:18:43,212:GAIRL:INFO: 
******************************************************


******************************************************
************  Back to real environment  **************
******************************************************

2019-03-17 18:19:24,416:GAIRL:INFO: 
******************************************************
************  Training generative model  *************
******************************************************

2019-03-17 18:19:24,417:GAIRL:INFO: 
******************************************************


******************************************************
************  Model-based reinforcement  *************
******************************************************

2019-03-17 18:19:24,417:GAIRL:INFO: 
******************************************************


******************************************************
************  Back to real environment  **************
******************************************************

2019-03-17 18:20:08,393:GAIRL:INFO: 
******************************************************
************  Training generative model  *************
******************************************************

2019-03-17 18:20:08,394:GAIRL:INFO: 
******************************************************


******************************************************
************  Model-based reinforcement  *************
******************************************************

2019-03-17 18:20:08,394:GAIRL:INFO: 
******************************************************


******************************************************
************  Back to real environment  **************
******************************************************

2019-03-17 18:20:48,726:GAIRL:INFO: 
******************************************************
************  Training generative model  *************
******************************************************

2019-03-17 18:20:48,726:GAIRL:INFO: 
******************************************************


******************************************************
************  Model-based reinforcement  *************
******************************************************

2019-03-17 18:20:48,726:GAIRL:INFO: 
******************************************************


******************************************************
************  Back to real environment  **************
******************************************************

2019-03-17 18:21:32,048:GAIRL:INFO: 
******************************************************
************  Training generative model  *************
******************************************************

2019-03-17 18:21:32,048:GAIRL:INFO: 
******************************************************


******************************************************
************  Model-based reinforcement  *************
******************************************************

2019-03-17 18:21:32,049:GAIRL:INFO: 
******************************************************


******************************************************
************  Back to real environment  **************
******************************************************

2019-03-17 18:22:12,786:GAIRL:INFO: 
******************************************************
************  Training generative model  *************
******************************************************

2019-03-17 18:22:12,786:GAIRL:INFO: 
******************************************************


******************************************************
************  Model-based reinforcement  *************
******************************************************

2019-03-17 18:22:12,786:GAIRL:INFO: 
******************************************************


******************************************************
************  Back to real environment  **************
******************************************************

2019-03-17 18:22:55,210:GAIRL:INFO: 
******************************************************
************  Training generative model  *************
******************************************************

2019-03-17 18:22:55,210:GAIRL:INFO: 
******************************************************


******************************************************
************  Model-based reinforcement  *************
******************************************************

2019-03-17 18:22:55,210:GAIRL:INFO: 
******************************************************


******************************************************
************  Back to real environment  **************
******************************************************

2019-03-17 18:23:36,965:GAIRL:INFO: 
******************************************************
************  Training generative model  *************
******************************************************

2019-03-17 18:23:36,965:GAIRL:INFO: 
******************************************************


******************************************************
************  Model-based reinforcement  *************
******************************************************

2019-03-17 18:23:36,966:GAIRL:INFO: 
******************************************************


******************************************************
************  Back to real environment  **************
******************************************************

2019-03-17 18:24:16,986:GAIRL:INFO: 
******************************************************
************  Training generative model  *************
******************************************************

2019-03-17 18:24:16,986:GAIRL:INFO: 
******************************************************


******************************************************
************  Model-based reinforcement  *************
******************************************************

2019-03-17 18:24:16,986:GAIRL:INFO: 
******************************************************


******************************************************
************  Back to real environment  **************
******************************************************

2019-03-17 18:24:56,872:GAIRL:INFO: 
******************************************************
************  Training generative model  *************
******************************************************

2019-03-17 18:24:56,872:GAIRL:INFO: 
******************************************************


******************************************************
************  Model-based reinforcement  *************
******************************************************

2019-03-17 18:24:56,872:GAIRL:INFO: 
******************************************************


******************************************************
************  Back to real environment  **************
******************************************************

2019-03-17 18:25:37,499:GAIRL:INFO: 
******************************************************
************  Training generative model  *************
******************************************************

2019-03-17 18:25:37,499:GAIRL:INFO: 
******************************************************


******************************************************
************  Model-based reinforcement  *************
******************************************************

2019-03-17 18:25:37,499:GAIRL:INFO: 
******************************************************


******************************************************
************  Back to real environment  **************
******************************************************

2019-03-17 18:26:16,047:GAIRL:INFO: 
******************************************************
************  Training generative model  *************
******************************************************

2019-03-17 18:26:16,047:GAIRL:INFO: 
******************************************************


******************************************************
************  Model-based reinforcement  *************
******************************************************

2019-03-17 18:26:16,048:GAIRL:INFO: 
******************************************************


******************************************************
************  Back to real environment  **************
******************************************************

2019-03-17 18:26:51,930:GAIRL:INFO: 
******************************************************
************  Training generative model  *************
******************************************************

2019-03-17 18:26:51,931:GAIRL:INFO: 
******************************************************


******************************************************
************  Model-based reinforcement  *************
******************************************************

2019-03-17 18:26:51,931:GAIRL:INFO: 
******************************************************


******************************************************
************  Back to real environment  **************
******************************************************

2019-03-17 18:27:28,771:GAIRL:INFO: 
******************************************************
************  Training generative model  *************
******************************************************

2019-03-17 18:27:28,771:GAIRL:INFO: 
******************************************************


******************************************************
************  Model-based reinforcement  *************
******************************************************

2019-03-17 18:27:28,771:GAIRL:INFO: 
******************************************************


******************************************************
************  Back to real environment  **************
******************************************************

2019-03-17 18:28:06,160:GAIRL:INFO: 
******************************************************
************  Training generative model  *************
******************************************************

2019-03-17 18:28:06,160:GAIRL:INFO: 
******************************************************


******************************************************
************  Model-based reinforcement  *************
******************************************************

2019-03-17 18:28:06,160:GAIRL:INFO: 
******************************************************


******************************************************
************  Back to real environment  **************
******************************************************

2019-03-17 18:28:41,337:GAIRL:INFO: 
******************************************************
************  Training generative model  *************
******************************************************

2019-03-17 18:28:41,337:GAIRL:INFO: 
******************************************************


******************************************************
************  Model-based reinforcement  *************
******************************************************

2019-03-17 18:28:41,337:GAIRL:INFO: 
******************************************************


******************************************************
************  Back to real environment  **************
******************************************************

2019-03-17 18:29:16,891:GAIRL:INFO: 
******************************************************
************  Training generative model  *************
******************************************************

2019-03-17 18:29:16,891:GAIRL:INFO: 
******************************************************


******************************************************
************  Model-based reinforcement  *************
******************************************************

2019-03-17 18:29:16,892:GAIRL:INFO: 
******************************************************


******************************************************
************  Back to real environment  **************
******************************************************

2019-03-17 18:29:54,984:GAIRL:INFO: 
******************************************************
************  Training generative model  *************
******************************************************

2019-03-17 18:29:54,984:GAIRL:INFO: 
******************************************************


******************************************************
************  Model-based reinforcement  *************
******************************************************

2019-03-17 18:29:54,984:GAIRL:INFO: 
******************************************************


******************************************************
************  Back to real environment  **************
******************************************************

