2019-03-17 16:38:18,589:GAIRL:INFO: 
******************************************************
************  Training generative model  *************
******************************************************

2019-03-17 16:38:18,589:GAIRL:INFO: 
******************************************************


******************************************************
************  Model-based reinforcement  *************
******************************************************

2019-03-17 16:38:18,589:GAIRL:INFO: 
******************************************************


******************************************************
************  Back to real environment  **************
******************************************************

2019-03-17 16:38:53,158:GAIRL:INFO: 
******************************************************
************  Training generative model  *************
******************************************************

2019-03-17 16:38:53,158:GAIRL:INFO: 
******************************************************


******************************************************
************  Model-based reinforcement  *************
******************************************************

2019-03-17 16:38:53,158:GAIRL:INFO: 
******************************************************


******************************************************
************  Back to real environment  **************
******************************************************

2019-03-17 16:39:28,412:GAIRL:INFO: 
******************************************************
************  Training generative model  *************
******************************************************

2019-03-17 16:39:28,412:GAIRL:INFO: 
******************************************************


******************************************************
************  Model-based reinforcement  *************
******************************************************

2019-03-17 16:39:28,412:GAIRL:INFO: 
******************************************************


******************************************************
************  Back to real environment  **************
******************************************************

2019-03-17 16:40:03,346:GAIRL:INFO: 
******************************************************
************  Training generative model  *************
******************************************************

2019-03-17 16:40:03,346:GAIRL:INFO: 
******************************************************


******************************************************
************  Model-based reinforcement  *************
******************************************************

2019-03-17 16:40:03,346:GAIRL:INFO: 
******************************************************


******************************************************
************  Back to real environment  **************
******************************************************

2019-03-17 16:40:38,744:GAIRL:INFO: 
******************************************************
************  Training generative model  *************
******************************************************

2019-03-17 16:40:38,745:GAIRL:INFO: 
******************************************************


******************************************************
************  Model-based reinforcement  *************
******************************************************

2019-03-17 16:40:38,745:GAIRL:INFO: 
******************************************************


******************************************************
************  Back to real environment  **************
******************************************************

2019-03-17 16:41:14,260:GAIRL:INFO: 
******************************************************
************  Training generative model  *************
******************************************************

2019-03-17 16:41:14,260:GAIRL:INFO: 
******************************************************


******************************************************
************  Model-based reinforcement  *************
******************************************************

2019-03-17 16:41:14,261:GAIRL:INFO: 
******************************************************


******************************************************
************  Back to real environment  **************
******************************************************

2019-03-17 16:41:49,858:GAIRL:INFO: 
******************************************************
************  Training generative model  *************
******************************************************

2019-03-17 16:41:49,858:GAIRL:INFO: 
******************************************************


******************************************************
************  Model-based reinforcement  *************
******************************************************

2019-03-17 16:41:49,858:GAIRL:INFO: 
******************************************************


******************************************************
************  Back to real environment  **************
******************************************************

2019-03-17 16:42:24,961:GAIRL:INFO: 
******************************************************
************  Training generative model  *************
******************************************************

2019-03-17 16:42:24,961:GAIRL:INFO: 
******************************************************


******************************************************
************  Model-based reinforcement  *************
******************************************************

2019-03-17 16:42:24,961:GAIRL:INFO: 
******************************************************


******************************************************
************  Back to real environment  **************
******************************************************

2019-03-17 16:43:00,110:GAIRL:INFO: 
******************************************************
************  Training generative model  *************
******************************************************

2019-03-17 16:43:00,110:GAIRL:INFO: 
******************************************************


******************************************************
************  Model-based reinforcement  *************
******************************************************

2019-03-17 16:43:00,111:GAIRL:INFO: 
******************************************************


******************************************************
************  Back to real environment  **************
******************************************************

2019-03-17 16:43:35,191:GAIRL:INFO: 
******************************************************
************  Training generative model  *************
******************************************************

2019-03-17 16:43:35,191:GAIRL:INFO: 
******************************************************


******************************************************
************  Model-based reinforcement  *************
******************************************************

2019-03-17 16:43:35,191:GAIRL:INFO: 
******************************************************


******************************************************
************  Back to real environment  **************
******************************************************

2019-03-17 16:44:11,269:GAIRL:INFO: 
******************************************************
************  Training generative model  *************
******************************************************

2019-03-17 16:44:11,270:GAIRL:INFO: 
******************************************************


******************************************************
************  Model-based reinforcement  *************
******************************************************

2019-03-17 16:44:11,270:GAIRL:INFO: 
******************************************************


******************************************************
************  Back to real environment  **************
******************************************************

2019-03-17 16:44:51,482:GAIRL:INFO: 
******************************************************
************  Training generative model  *************
******************************************************

2019-03-17 16:44:51,483:GAIRL:INFO: 
******************************************************


******************************************************
************  Model-based reinforcement  *************
******************************************************

2019-03-17 16:44:51,483:GAIRL:INFO: 
******************************************************


******************************************************
************  Back to real environment  **************
******************************************************

2019-03-17 16:45:26,645:GAIRL:INFO: 
******************************************************
************  Training generative model  *************
******************************************************

2019-03-17 16:45:26,645:GAIRL:INFO: 
******************************************************


******************************************************
************  Model-based reinforcement  *************
******************************************************

2019-03-17 16:45:26,645:GAIRL:INFO: 
******************************************************


******************************************************
************  Back to real environment  **************
******************************************************

2019-03-17 16:46:00,882:GAIRL:INFO: 
******************************************************
************  Training generative model  *************
******************************************************

2019-03-17 16:46:00,882:GAIRL:INFO: 
******************************************************


******************************************************
************  Model-based reinforcement  *************
******************************************************

2019-03-17 16:46:00,882:GAIRL:INFO: 
******************************************************


******************************************************
************  Back to real environment  **************
******************************************************

2019-03-17 16:46:36,362:GAIRL:INFO: 
******************************************************
************  Training generative model  *************
******************************************************

2019-03-17 16:46:36,362:GAIRL:INFO: 
******************************************************


******************************************************
************  Model-based reinforcement  *************
******************************************************

2019-03-17 16:46:36,362:GAIRL:INFO: 
******************************************************


******************************************************
************  Back to real environment  **************
******************************************************

2019-03-17 16:47:12,181:GAIRL:INFO: 
******************************************************
************  Training generative model  *************
******************************************************

2019-03-17 16:47:12,181:GAIRL:INFO: 
******************************************************


******************************************************
************  Model-based reinforcement  *************
******************************************************

2019-03-17 16:47:12,181:GAIRL:INFO: 
******************************************************


******************************************************
************  Back to real environment  **************
******************************************************

2019-03-17 16:47:48,071:GAIRL:INFO: 
******************************************************
************  Training generative model  *************
******************************************************

2019-03-17 16:47:48,071:GAIRL:INFO: 
******************************************************


******************************************************
************  Model-based reinforcement  *************
******************************************************

2019-03-17 16:47:48,071:GAIRL:INFO: 
******************************************************


******************************************************
************  Back to real environment  **************
******************************************************

2019-03-17 16:48:22,212:GAIRL:INFO: 
******************************************************
************  Training generative model  *************
******************************************************

2019-03-17 16:48:22,213:GAIRL:INFO: 
******************************************************


******************************************************
************  Model-based reinforcement  *************
******************************************************

2019-03-17 16:48:22,213:GAIRL:INFO: 
******************************************************


******************************************************
************  Back to real environment  **************
******************************************************

2019-03-17 16:48:57,329:GAIRL:INFO: 
******************************************************
************  Training generative model  *************
******************************************************

2019-03-17 16:48:57,330:GAIRL:INFO: 
******************************************************


******************************************************
************  Model-based reinforcement  *************
******************************************************

2019-03-17 16:48:57,330:GAIRL:INFO: 
******************************************************


******************************************************
************  Back to real environment  **************
******************************************************

2019-03-17 16:49:32,981:GAIRL:INFO: 
******************************************************
************  Training generative model  *************
******************************************************

2019-03-17 16:49:32,981:GAIRL:INFO: 
******************************************************


******************************************************
************  Model-based reinforcement  *************
******************************************************

2019-03-17 16:49:32,981:GAIRL:INFO: 
******************************************************


******************************************************
************  Back to real environment  **************
******************************************************

2019-03-17 16:50:08,971:GAIRL:INFO: 
******************************************************
************  Training generative model  *************
******************************************************

2019-03-17 16:50:08,971:GAIRL:INFO: 
******************************************************


******************************************************
************  Model-based reinforcement  *************
******************************************************

2019-03-17 16:50:08,971:GAIRL:INFO: 
******************************************************


******************************************************
************  Back to real environment  **************
******************************************************

2019-03-17 16:50:44,505:GAIRL:INFO: 
******************************************************
************  Training generative model  *************
******************************************************

2019-03-17 16:50:44,506:GAIRL:INFO: 
******************************************************


******************************************************
************  Model-based reinforcement  *************
******************************************************

2019-03-17 16:50:44,506:GAIRL:INFO: 
******************************************************


******************************************************
************  Back to real environment  **************
******************************************************

2019-03-17 16:51:20,790:GAIRL:INFO: 
******************************************************
************  Training generative model  *************
******************************************************

2019-03-17 16:51:20,790:GAIRL:INFO: 
******************************************************


******************************************************
************  Model-based reinforcement  *************
******************************************************

2019-03-17 16:51:20,790:GAIRL:INFO: 
******************************************************


******************************************************
************  Back to real environment  **************
******************************************************

2019-03-17 16:51:56,483:GAIRL:INFO: 
******************************************************
************  Training generative model  *************
******************************************************

2019-03-17 16:51:56,483:GAIRL:INFO: 
******************************************************


******************************************************
************  Model-based reinforcement  *************
******************************************************

2019-03-17 16:51:56,483:GAIRL:INFO: 
******************************************************


******************************************************
************  Back to real environment  **************
******************************************************

2019-03-17 16:52:32,192:GAIRL:INFO: 
******************************************************
************  Training generative model  *************
******************************************************

2019-03-17 16:52:32,192:GAIRL:INFO: 
******************************************************


******************************************************
************  Model-based reinforcement  *************
******************************************************

2019-03-17 16:52:32,192:GAIRL:INFO: 
******************************************************


******************************************************
************  Back to real environment  **************
******************************************************

2019-03-17 16:53:08,035:GAIRL:INFO: 
******************************************************
************  Training generative model  *************
******************************************************

2019-03-17 16:53:08,035:GAIRL:INFO: 
******************************************************


******************************************************
************  Model-based reinforcement  *************
******************************************************

2019-03-17 16:53:08,035:GAIRL:INFO: 
******************************************************


******************************************************
************  Back to real environment  **************
******************************************************

2019-03-17 16:53:44,117:GAIRL:INFO: 
******************************************************
************  Training generative model  *************
******************************************************

2019-03-17 16:53:44,117:GAIRL:INFO: 
******************************************************


******************************************************
************  Model-based reinforcement  *************
******************************************************

2019-03-17 16:53:44,117:GAIRL:INFO: 
******************************************************


******************************************************
************  Back to real environment  **************
******************************************************

2019-03-17 16:54:20,448:GAIRL:INFO: 
******************************************************
************  Training generative model  *************
******************************************************

2019-03-17 16:54:20,448:GAIRL:INFO: 
******************************************************


******************************************************
************  Model-based reinforcement  *************
******************************************************

2019-03-17 16:54:20,448:GAIRL:INFO: 
******************************************************


******************************************************
************  Back to real environment  **************
******************************************************

2019-03-17 16:54:56,303:GAIRL:INFO: 
******************************************************
************  Training generative model  *************
******************************************************

2019-03-17 16:54:56,303:GAIRL:INFO: 
******************************************************


******************************************************
************  Model-based reinforcement  *************
******************************************************

2019-03-17 16:54:56,303:GAIRL:INFO: 
******************************************************


******************************************************
************  Back to real environment  **************
******************************************************

2019-03-17 16:55:32,007:GAIRL:INFO: 
******************************************************
************  Training generative model  *************
******************************************************

2019-03-17 16:55:32,007:GAIRL:INFO: 
******************************************************


******************************************************
************  Model-based reinforcement  *************
******************************************************

2019-03-17 16:55:32,007:GAIRL:INFO: 
******************************************************


******************************************************
************  Back to real environment  **************
******************************************************

2019-03-17 16:56:08,003:GAIRL:INFO: 
******************************************************
************  Training generative model  *************
******************************************************

2019-03-17 16:56:08,003:GAIRL:INFO: 
******************************************************


******************************************************
************  Model-based reinforcement  *************
******************************************************

2019-03-17 16:56:08,003:GAIRL:INFO: 
******************************************************


******************************************************
************  Back to real environment  **************
******************************************************

2019-03-17 16:56:43,727:GAIRL:INFO: 
******************************************************
************  Training generative model  *************
******************************************************

2019-03-17 16:56:43,727:GAIRL:INFO: 
******************************************************


******************************************************
************  Model-based reinforcement  *************
******************************************************

2019-03-17 16:56:43,727:GAIRL:INFO: 
******************************************************


******************************************************
************  Back to real environment  **************
******************************************************

2019-03-17 16:57:20,196:GAIRL:INFO: 
******************************************************
************  Training generative model  *************
******************************************************

2019-03-17 16:57:20,196:GAIRL:INFO: 
******************************************************


******************************************************
************  Model-based reinforcement  *************
******************************************************

2019-03-17 16:57:20,196:GAIRL:INFO: 
******************************************************


******************************************************
************  Back to real environment  **************
******************************************************

2019-03-17 16:57:55,978:GAIRL:INFO: 
******************************************************
************  Training generative model  *************
******************************************************

2019-03-17 16:57:55,978:GAIRL:INFO: 
******************************************************


******************************************************
************  Model-based reinforcement  *************
******************************************************

2019-03-17 16:57:55,978:GAIRL:INFO: 
******************************************************


******************************************************
************  Back to real environment  **************
******************************************************

2019-03-17 16:58:31,810:GAIRL:INFO: 
******************************************************
************  Training generative model  *************
******************************************************

2019-03-17 16:58:31,810:GAIRL:INFO: 
******************************************************


******************************************************
************  Model-based reinforcement  *************
******************************************************

2019-03-17 16:58:31,810:GAIRL:INFO: 
******************************************************


******************************************************
************  Back to real environment  **************
******************************************************

2019-03-17 16:59:07,734:GAIRL:INFO: 
******************************************************
************  Training generative model  *************
******************************************************

2019-03-17 16:59:07,734:GAIRL:INFO: 
******************************************************


******************************************************
************  Model-based reinforcement  *************
******************************************************

2019-03-17 16:59:07,734:GAIRL:INFO: 
******************************************************


******************************************************
************  Back to real environment  **************
******************************************************

2019-03-17 16:59:43,631:GAIRL:INFO: 
******************************************************
************  Training generative model  *************
******************************************************

2019-03-17 16:59:43,631:GAIRL:INFO: 
******************************************************


******************************************************
************  Model-based reinforcement  *************
******************************************************

2019-03-17 16:59:43,631:GAIRL:INFO: 
******************************************************


******************************************************
************  Back to real environment  **************
******************************************************

2019-03-17 17:00:20,080:GAIRL:INFO: 
******************************************************
************  Training generative model  *************
******************************************************

2019-03-17 17:00:20,080:GAIRL:INFO: 
******************************************************


******************************************************
************  Model-based reinforcement  *************
******************************************************

2019-03-17 17:00:20,080:GAIRL:INFO: 
******************************************************


******************************************************
************  Back to real environment  **************
******************************************************

2019-03-17 17:00:55,904:GAIRL:INFO: 
******************************************************
************  Training generative model  *************
******************************************************

2019-03-17 17:00:55,904:GAIRL:INFO: 
******************************************************


******************************************************
************  Model-based reinforcement  *************
******************************************************

2019-03-17 17:00:55,904:GAIRL:INFO: 
******************************************************


******************************************************
************  Back to real environment  **************
******************************************************

2019-03-17 17:01:31,835:GAIRL:INFO: 
******************************************************
************  Training generative model  *************
******************************************************

2019-03-17 17:01:31,835:GAIRL:INFO: 
******************************************************


******************************************************
************  Model-based reinforcement  *************
******************************************************

2019-03-17 17:01:31,835:GAIRL:INFO: 
******************************************************


******************************************************
************  Back to real environment  **************
******************************************************

2019-03-17 17:02:07,813:GAIRL:INFO: 
******************************************************
************  Training generative model  *************
******************************************************

2019-03-17 17:02:07,813:GAIRL:INFO: 
******************************************************


******************************************************
************  Model-based reinforcement  *************
******************************************************

2019-03-17 17:02:07,813:GAIRL:INFO: 
******************************************************


******************************************************
************  Back to real environment  **************
******************************************************

2019-03-17 17:02:43,495:GAIRL:INFO: 
******************************************************
************  Training generative model  *************
******************************************************

2019-03-17 17:02:43,495:GAIRL:INFO: 
******************************************************


******************************************************
************  Model-based reinforcement  *************
******************************************************

2019-03-17 17:02:43,495:GAIRL:INFO: 
******************************************************


******************************************************
************  Back to real environment  **************
******************************************************

2019-03-17 17:03:20,004:GAIRL:INFO: 
******************************************************
************  Training generative model  *************
******************************************************

2019-03-17 17:03:20,004:GAIRL:INFO: 
******************************************************


******************************************************
************  Model-based reinforcement  *************
******************************************************

2019-03-17 17:03:20,004:GAIRL:INFO: 
******************************************************


******************************************************
************  Back to real environment  **************
******************************************************

2019-03-17 17:03:55,688:GAIRL:INFO: 
******************************************************
************  Training generative model  *************
******************************************************

2019-03-17 17:03:55,689:GAIRL:INFO: 
******************************************************


******************************************************
************  Model-based reinforcement  *************
******************************************************

2019-03-17 17:03:55,689:GAIRL:INFO: 
******************************************************


******************************************************
************  Back to real environment  **************
******************************************************

2019-03-17 17:04:31,480:GAIRL:INFO: 
******************************************************
************  Training generative model  *************
******************************************************

2019-03-17 17:04:31,480:GAIRL:INFO: 
******************************************************


******************************************************
************  Model-based reinforcement  *************
******************************************************

2019-03-17 17:04:31,480:GAIRL:INFO: 
******************************************************


******************************************************
************  Back to real environment  **************
******************************************************

2019-03-17 17:05:07,394:GAIRL:INFO: 
******************************************************
************  Training generative model  *************
******************************************************

2019-03-17 17:05:07,394:GAIRL:INFO: 
******************************************************


******************************************************
************  Model-based reinforcement  *************
******************************************************

2019-03-17 17:05:07,394:GAIRL:INFO: 
******************************************************


******************************************************
************  Back to real environment  **************
******************************************************

2019-03-17 17:05:43,153:GAIRL:INFO: 
******************************************************
************  Training generative model  *************
******************************************************

2019-03-17 17:05:43,153:GAIRL:INFO: 
******************************************************


******************************************************
************  Model-based reinforcement  *************
******************************************************

2019-03-17 17:05:43,153:GAIRL:INFO: 
******************************************************


******************************************************
************  Back to real environment  **************
******************************************************

2019-03-17 17:06:19,397:GAIRL:INFO: 
******************************************************
************  Training generative model  *************
******************************************************

2019-03-17 17:06:19,397:GAIRL:INFO: 
******************************************************


******************************************************
************  Model-based reinforcement  *************
******************************************************

2019-03-17 17:06:19,397:GAIRL:INFO: 
******************************************************


******************************************************
************  Back to real environment  **************
******************************************************

2019-03-17 17:06:54,567:GAIRL:INFO: 
******************************************************
************  Training generative model  *************
******************************************************

2019-03-17 17:06:54,567:GAIRL:INFO: 
******************************************************


******************************************************
************  Model-based reinforcement  *************
******************************************************

2019-03-17 17:06:54,567:GAIRL:INFO: 
******************************************************


******************************************************
************  Back to real environment  **************
******************************************************

2019-03-17 17:07:29,070:GAIRL:INFO: 
******************************************************
************  Training generative model  *************
******************************************************

2019-03-17 17:07:29,070:GAIRL:INFO: 
******************************************************


******************************************************
************  Model-based reinforcement  *************
******************************************************

2019-03-17 17:07:29,070:GAIRL:INFO: 
******************************************************


******************************************************
************  Back to real environment  **************
******************************************************

2019-03-17 17:08:04,052:GAIRL:INFO: 
******************************************************
************  Training generative model  *************
******************************************************

2019-03-17 17:08:04,052:GAIRL:INFO: 
******************************************************


******************************************************
************  Model-based reinforcement  *************
******************************************************

2019-03-17 17:08:04,052:GAIRL:INFO: 
******************************************************


******************************************************
************  Back to real environment  **************
******************************************************

2019-03-17 17:08:38,609:GAIRL:INFO: 
******************************************************
************  Training generative model  *************
******************************************************

2019-03-17 17:08:38,609:GAIRL:INFO: 
******************************************************


******************************************************
************  Model-based reinforcement  *************
******************************************************

2019-03-17 17:08:38,609:GAIRL:INFO: 
******************************************************


******************************************************
************  Back to real environment  **************
******************************************************

2019-03-17 17:09:14,568:GAIRL:INFO: 
******************************************************
************  Training generative model  *************
******************************************************

2019-03-17 17:09:14,568:GAIRL:INFO: 
******************************************************


******************************************************
************  Model-based reinforcement  *************
******************************************************

2019-03-17 17:09:14,568:GAIRL:INFO: 
******************************************************


******************************************************
************  Back to real environment  **************
******************************************************

2019-03-17 17:09:50,837:GAIRL:INFO: 
******************************************************
************  Training generative model  *************
******************************************************

2019-03-17 17:09:50,838:GAIRL:INFO: 
******************************************************


******************************************************
************  Model-based reinforcement  *************
******************************************************

2019-03-17 17:09:50,838:GAIRL:INFO: 
******************************************************


******************************************************
************  Back to real environment  **************
******************************************************

2019-03-17 17:10:25,897:GAIRL:INFO: 
******************************************************
************  Training generative model  *************
******************************************************

2019-03-17 17:10:25,897:GAIRL:INFO: 
******************************************************


******************************************************
************  Model-based reinforcement  *************
******************************************************

2019-03-17 17:10:25,897:GAIRL:INFO: 
******************************************************


******************************************************
************  Back to real environment  **************
******************************************************

2019-03-17 17:11:02,170:GAIRL:INFO: 
******************************************************
************  Training generative model  *************
******************************************************

2019-03-17 17:11:02,170:GAIRL:INFO: 
******************************************************


******************************************************
************  Model-based reinforcement  *************
******************************************************

2019-03-17 17:11:02,170:GAIRL:INFO: 
******************************************************


******************************************************
************  Back to real environment  **************
******************************************************

2019-03-17 17:11:37,865:GAIRL:INFO: 
******************************************************
************  Training generative model  *************
******************************************************

2019-03-17 17:11:37,865:GAIRL:INFO: 
******************************************************


******************************************************
************  Model-based reinforcement  *************
******************************************************

2019-03-17 17:11:37,865:GAIRL:INFO: 
******************************************************


******************************************************
************  Back to real environment  **************
******************************************************

2019-03-17 17:12:13,533:GAIRL:INFO: 
******************************************************
************  Training generative model  *************
******************************************************

2019-03-17 17:12:13,533:GAIRL:INFO: 
******************************************************


******************************************************
************  Model-based reinforcement  *************
******************************************************

2019-03-17 17:12:13,533:GAIRL:INFO: 
******************************************************


******************************************************
************  Back to real environment  **************
******************************************************

2019-03-17 17:12:49,881:GAIRL:INFO: 
******************************************************
************  Training generative model  *************
******************************************************

2019-03-17 17:12:49,881:GAIRL:INFO: 
******************************************************


******************************************************
************  Model-based reinforcement  *************
******************************************************

2019-03-17 17:12:49,881:GAIRL:INFO: 
******************************************************


******************************************************
************  Back to real environment  **************
******************************************************

2019-03-17 17:13:24,929:GAIRL:INFO: 
******************************************************
************  Training generative model  *************
******************************************************

2019-03-17 17:13:24,929:GAIRL:INFO: 
******************************************************


******************************************************
************  Model-based reinforcement  *************
******************************************************

2019-03-17 17:13:24,929:GAIRL:INFO: 
******************************************************


******************************************************
************  Back to real environment  **************
******************************************************

2019-03-17 17:14:00,211:GAIRL:INFO: 
******************************************************
************  Training generative model  *************
******************************************************

2019-03-17 17:14:00,211:GAIRL:INFO: 
******************************************************


******************************************************
************  Model-based reinforcement  *************
******************************************************

2019-03-17 17:14:00,211:GAIRL:INFO: 
******************************************************


******************************************************
************  Back to real environment  **************
******************************************************

2019-03-17 17:14:36,088:GAIRL:INFO: 
******************************************************
************  Training generative model  *************
******************************************************

2019-03-17 17:14:36,088:GAIRL:INFO: 
******************************************************


******************************************************
************  Model-based reinforcement  *************
******************************************************

2019-03-17 17:14:36,088:GAIRL:INFO: 
******************************************************


******************************************************
************  Back to real environment  **************
******************************************************

2019-03-17 17:15:12,002:GAIRL:INFO: 
******************************************************
************  Training generative model  *************
******************************************************

2019-03-17 17:15:12,002:GAIRL:INFO: 
******************************************************


******************************************************
************  Model-based reinforcement  *************
******************************************************

2019-03-17 17:15:12,002:GAIRL:INFO: 
******************************************************


******************************************************
************  Back to real environment  **************
******************************************************

2019-03-17 17:15:48,082:GAIRL:INFO: 
******************************************************
************  Training generative model  *************
******************************************************

2019-03-17 17:15:48,082:GAIRL:INFO: 
******************************************************


******************************************************
************  Model-based reinforcement  *************
******************************************************

2019-03-17 17:15:48,082:GAIRL:INFO: 
******************************************************


******************************************************
************  Back to real environment  **************
******************************************************

2019-03-17 17:16:22,529:GAIRL:INFO: 
******************************************************
************  Training generative model  *************
******************************************************

2019-03-17 17:16:22,530:GAIRL:INFO: 
******************************************************


******************************************************
************  Model-based reinforcement  *************
******************************************************

2019-03-17 17:16:22,530:GAIRL:INFO: 
******************************************************


******************************************************
************  Back to real environment  **************
******************************************************

2019-03-17 17:16:58,704:GAIRL:INFO: 
******************************************************
************  Training generative model  *************
******************************************************

2019-03-17 17:16:58,704:GAIRL:INFO: 
******************************************************


******************************************************
************  Model-based reinforcement  *************
******************************************************

2019-03-17 17:16:58,704:GAIRL:INFO: 
******************************************************


******************************************************
************  Back to real environment  **************
******************************************************

2019-03-17 17:17:34,761:GAIRL:INFO: 
******************************************************
************  Training generative model  *************
******************************************************

2019-03-17 17:17:34,761:GAIRL:INFO: 
******************************************************


******************************************************
************  Model-based reinforcement  *************
******************************************************

2019-03-17 17:17:34,761:GAIRL:INFO: 
******************************************************


******************************************************
************  Back to real environment  **************
******************************************************

2019-03-17 17:18:10,560:GAIRL:INFO: 
******************************************************
************  Training generative model  *************
******************************************************

2019-03-17 17:18:10,560:GAIRL:INFO: 
******************************************************


******************************************************
************  Model-based reinforcement  *************
******************************************************

2019-03-17 17:18:10,560:GAIRL:INFO: 
******************************************************


******************************************************
************  Back to real environment  **************
******************************************************

2019-03-17 17:18:44,959:GAIRL:INFO: 
******************************************************
************  Training generative model  *************
******************************************************

2019-03-17 17:18:44,960:GAIRL:INFO: 
******************************************************


******************************************************
************  Model-based reinforcement  *************
******************************************************

2019-03-17 17:18:44,960:GAIRL:INFO: 
******************************************************


******************************************************
************  Back to real environment  **************
******************************************************

2019-03-17 17:19:21,270:GAIRL:INFO: 
******************************************************
************  Training generative model  *************
******************************************************

2019-03-17 17:19:21,270:GAIRL:INFO: 
******************************************************


******************************************************
************  Model-based reinforcement  *************
******************************************************

2019-03-17 17:19:21,270:GAIRL:INFO: 
******************************************************


******************************************************
************  Back to real environment  **************
******************************************************

2019-03-17 17:19:57,333:GAIRL:INFO: 
******************************************************
************  Training generative model  *************
******************************************************

2019-03-17 17:19:57,333:GAIRL:INFO: 
******************************************************


******************************************************
************  Model-based reinforcement  *************
******************************************************

2019-03-17 17:19:57,333:GAIRL:INFO: 
******************************************************


******************************************************
************  Back to real environment  **************
******************************************************

2019-03-17 17:20:33,477:GAIRL:INFO: 
******************************************************
************  Training generative model  *************
******************************************************

2019-03-17 17:20:33,477:GAIRL:INFO: 
******************************************************


******************************************************
************  Model-based reinforcement  *************
******************************************************

2019-03-17 17:20:33,477:GAIRL:INFO: 
******************************************************


******************************************************
************  Back to real environment  **************
******************************************************

2019-03-17 17:21:09,336:GAIRL:INFO: 
******************************************************
************  Training generative model  *************
******************************************************

2019-03-17 17:21:09,336:GAIRL:INFO: 
******************************************************


******************************************************
************  Model-based reinforcement  *************
******************************************************

2019-03-17 17:21:09,336:GAIRL:INFO: 
******************************************************


******************************************************
************  Back to real environment  **************
******************************************************

2019-03-17 17:21:45,294:GAIRL:INFO: 
******************************************************
************  Training generative model  *************
******************************************************

2019-03-17 17:21:45,294:GAIRL:INFO: 
******************************************************


******************************************************
************  Model-based reinforcement  *************
******************************************************

2019-03-17 17:21:45,294:GAIRL:INFO: 
******************************************************


******************************************************
************  Back to real environment  **************
******************************************************

2019-03-17 17:22:21,579:GAIRL:INFO: 
******************************************************
************  Training generative model  *************
******************************************************

2019-03-17 17:22:21,579:GAIRL:INFO: 
******************************************************


******************************************************
************  Model-based reinforcement  *************
******************************************************

2019-03-17 17:22:21,580:GAIRL:INFO: 
******************************************************


******************************************************
************  Back to real environment  **************
******************************************************

2019-03-17 17:22:57,410:GAIRL:INFO: 
******************************************************
************  Training generative model  *************
******************************************************

2019-03-17 17:22:57,411:GAIRL:INFO: 
******************************************************


******************************************************
************  Model-based reinforcement  *************
******************************************************

2019-03-17 17:22:57,411:GAIRL:INFO: 
******************************************************


******************************************************
************  Back to real environment  **************
******************************************************

2019-03-17 17:23:32,887:GAIRL:INFO: 
******************************************************
************  Training generative model  *************
******************************************************

2019-03-17 17:23:32,887:GAIRL:INFO: 
******************************************************


******************************************************
************  Model-based reinforcement  *************
******************************************************

2019-03-17 17:23:32,887:GAIRL:INFO: 
******************************************************


******************************************************
************  Back to real environment  **************
******************************************************

