2019-03-12 13:55:41,955:GAIRL - mlp - rewterm:INFO: 
Creating MLP with:
Input shape (9,)
Output shape (2,)
Dtype: <dtype: 'float64'>
Network layers: [16, 16]
Activation function: leaky_relu
Dropout probability: 0.75
Optimizer: AdamOptimizer

2019-03-12 13:56:59,484:GAIRL - mlp - rewterm:INFO: Saving the model

2019-03-12 13:57:27,410:GAIRL - mlp - rewterm:INFO: Saving the model

2019-03-12 13:57:57,712:GAIRL - mlp - rewterm:INFO: Saving the model

2019-03-12 13:58:25,917:GAIRL - mlp - rewterm:INFO: Saving the model

2019-03-12 13:58:56,660:GAIRL - mlp - rewterm:INFO: Saving the model

2019-03-12 13:59:26,614:GAIRL - mlp - rewterm:INFO: Saving the model

2019-03-12 13:59:55,911:GAIRL - mlp - rewterm:INFO: Saving the model

2019-03-12 14:00:23,813:GAIRL - mlp - rewterm:INFO: Saving the model

2019-03-12 14:00:51,790:GAIRL - mlp - rewterm:INFO: Saving the model

2019-03-12 14:01:19,540:GAIRL - mlp - rewterm:INFO: Saving the model

2019-03-12 14:01:48,561:GAIRL - mlp - rewterm:INFO: Saving the model

2019-03-12 14:02:19,996:GAIRL - mlp - rewterm:INFO: Saving the model

2019-03-12 14:02:50,405:GAIRL - mlp - rewterm:INFO: Saving the model

2019-03-12 14:03:20,446:GAIRL - mlp - rewterm:INFO: Saving the model

2019-03-12 14:03:49,975:GAIRL - mlp - rewterm:INFO: Saving the model

2019-03-12 14:04:22,893:GAIRL - mlp - rewterm:INFO: Saving the model

2019-03-12 14:04:53,274:GAIRL - mlp - rewterm:INFO: Saving the model

2019-03-12 14:05:22,340:GAIRL - mlp - rewterm:INFO: Saving the model

2019-03-12 14:05:51,280:GAIRL - mlp - rewterm:INFO: Saving the model

2019-03-12 14:06:22,630:GAIRL - mlp - rewterm:INFO: Saving the model

2019-03-12 14:06:52,050:GAIRL - mlp - rewterm:INFO: Saving the model

2019-03-12 14:07:20,886:GAIRL - mlp - rewterm:INFO: Saving the model

2019-03-12 14:07:51,215:GAIRL - mlp - rewterm:INFO: Saving the model

2019-03-12 14:08:21,296:GAIRL - mlp - rewterm:INFO: Saving the model

2019-03-12 14:08:51,280:GAIRL - mlp - rewterm:INFO: Saving the model

2019-03-12 14:09:21,398:GAIRL - mlp - rewterm:INFO: Saving the model

2019-03-12 14:09:55,191:GAIRL - mlp - rewterm:INFO: Saving the model

2019-03-12 14:10:27,195:GAIRL - mlp - rewterm:INFO: Saving the model

2019-03-12 14:10:56,089:GAIRL - mlp - rewterm:INFO: Saving the model

2019-03-12 14:11:27,746:GAIRL - mlp - rewterm:INFO: Saving the model

2019-03-12 14:11:58,760:GAIRL - mlp - rewterm:INFO: Saving the model

2019-03-12 14:12:27,458:GAIRL - mlp - rewterm:INFO: Saving the model

2019-03-12 14:12:58,322:GAIRL - mlp - rewterm:INFO: Saving the model

2019-03-12 14:13:30,470:GAIRL - mlp - rewterm:INFO: Saving the model

2019-03-12 14:14:03,774:GAIRL - mlp - rewterm:INFO: Saving the model

2019-03-12 14:14:38,868:GAIRL - mlp - rewterm:INFO: Saving the model

2019-03-12 14:15:10,999:GAIRL - mlp - rewterm:INFO: Saving the model

2019-03-12 14:15:41,150:GAIRL - mlp - rewterm:INFO: Saving the model

2019-03-12 14:16:12,875:GAIRL - mlp - rewterm:INFO: Saving the model

2019-03-12 14:16:44,076:GAIRL - mlp - rewterm:INFO: Saving the model

2019-03-12 14:17:19,634:GAIRL - mlp - rewterm:INFO: Saving the model

2019-03-12 14:17:50,350:GAIRL - mlp - rewterm:INFO: Saving the model

2019-03-12 14:18:18,259:GAIRL - mlp - rewterm:INFO: Saving the model

2019-03-12 14:18:47,359:GAIRL - mlp - rewterm:INFO: Saving the model

2019-03-12 14:19:15,582:GAIRL - mlp - rewterm:INFO: Saving the model

2019-03-12 14:19:41,137:GAIRL - mlp - rewterm:INFO: Saving the model

2019-03-12 14:20:03,951:GAIRL - mlp - rewterm:INFO: Saving the model

2019-03-12 14:20:27,149:GAIRL - mlp - rewterm:INFO: Saving the model

2019-03-12 14:20:50,045:GAIRL - mlp - rewterm:INFO: Saving the model

2019-03-12 14:21:14,665:GAIRL - mlp - rewterm:INFO: Saving the model

2019-03-12 14:21:14,897:GAIRL - mlp - rewterm:INFO: Current step: 50000
Loss: 0.046520885434297166

--------------------------------------------------

2019-03-12 14:25:47,124:GAIRL - mlp - rewterm:INFO: Saving the model

2019-03-12 14:26:20,250:GAIRL - mlp - rewterm:INFO: Saving the model

2019-03-12 14:26:52,436:GAIRL - mlp - rewterm:INFO: Saving the model

2019-03-12 14:27:23,225:GAIRL - mlp - rewterm:INFO: Saving the model

2019-03-12 14:27:55,079:GAIRL - mlp - rewterm:INFO: Saving the model

2019-03-12 14:28:28,420:GAIRL - mlp - rewterm:INFO: Saving the model

2019-03-12 14:28:59,789:GAIRL - mlp - rewterm:INFO: Saving the model

2019-03-12 14:29:31,035:GAIRL - mlp - rewterm:INFO: Saving the model

2019-03-12 14:30:00,941:GAIRL - mlp - rewterm:INFO: Saving the model

2019-03-12 14:30:30,871:GAIRL - mlp - rewterm:INFO: Saving the model

2019-03-12 14:31:05,872:GAIRL - mlp - rewterm:INFO: Saving the model

2019-03-12 14:31:47,207:GAIRL - mlp - rewterm:INFO: Saving the model

2019-03-12 14:32:22,354:GAIRL - mlp - rewterm:INFO: Saving the model

2019-03-12 14:32:51,869:GAIRL - mlp - rewterm:INFO: Saving the model

2019-03-12 14:33:21,062:GAIRL - mlp - rewterm:INFO: Saving the model

2019-03-12 14:33:50,499:GAIRL - mlp - rewterm:INFO: Saving the model

2019-03-12 14:34:20,515:GAIRL - mlp - rewterm:INFO: Saving the model

2019-03-12 14:34:53,109:GAIRL - mlp - rewterm:INFO: Saving the model

2019-03-12 14:35:28,022:GAIRL - mlp - rewterm:INFO: Saving the model

2019-03-12 14:35:56,973:GAIRL - mlp - rewterm:INFO: Saving the model

2019-03-12 14:36:25,120:GAIRL - mlp - rewterm:INFO: Saving the model

2019-03-12 14:36:53,066:GAIRL - mlp - rewterm:INFO: Saving the model

2019-03-12 14:37:21,253:GAIRL - mlp - rewterm:INFO: Saving the model

2019-03-12 14:37:52,123:GAIRL - mlp - rewterm:INFO: Saving the model

2019-03-12 14:38:22,351:GAIRL - mlp - rewterm:INFO: Saving the model

2019-03-12 14:38:52,379:GAIRL - mlp - rewterm:INFO: Saving the model

2019-03-12 14:39:22,279:GAIRL - mlp - rewterm:INFO: Saving the model

2019-03-12 14:39:52,786:GAIRL - mlp - rewterm:INFO: Saving the model

2019-03-12 14:40:24,358:GAIRL - mlp - rewterm:INFO: Saving the model

2019-03-12 14:40:54,099:GAIRL - mlp - rewterm:INFO: Saving the model

2019-03-12 14:41:24,734:GAIRL - mlp - rewterm:INFO: Saving the model

2019-03-12 14:41:56,981:GAIRL - mlp - rewterm:INFO: Saving the model

2019-03-12 14:42:28,651:GAIRL - mlp - rewterm:INFO: Saving the model

2019-03-12 14:43:00,547:GAIRL - mlp - rewterm:INFO: Saving the model

2019-03-12 14:43:30,052:GAIRL - mlp - rewterm:INFO: Saving the model

2019-03-12 14:44:00,257:GAIRL - mlp - rewterm:INFO: Saving the model

2019-03-12 14:44:30,554:GAIRL - mlp - rewterm:INFO: Saving the model

2019-03-12 14:45:02,154:GAIRL - mlp - rewterm:INFO: Saving the model

2019-03-12 14:45:33,406:GAIRL - mlp - rewterm:INFO: Saving the model

2019-03-12 14:46:04,718:GAIRL - mlp - rewterm:INFO: Saving the model

2019-03-12 14:46:34,033:GAIRL - mlp - rewterm:INFO: Saving the model

2019-03-12 14:47:01,999:GAIRL - mlp - rewterm:INFO: Saving the model

2019-03-12 14:47:29,326:GAIRL - mlp - rewterm:INFO: Saving the model

2019-03-12 14:47:58,501:GAIRL - mlp - rewterm:INFO: Saving the model

2019-03-12 14:48:24,535:GAIRL - mlp - rewterm:INFO: Saving the model

2019-03-12 14:48:48,811:GAIRL - mlp - rewterm:INFO: Saving the model

2019-03-12 14:49:16,058:GAIRL - mlp - rewterm:INFO: Saving the model

2019-03-12 14:49:43,277:GAIRL - mlp - rewterm:INFO: Saving the model

2019-03-12 14:50:05,889:GAIRL - mlp - rewterm:INFO: Saving the model

2019-03-12 14:50:29,142:GAIRL - mlp - rewterm:INFO: Saving the model

2019-03-12 14:50:29,321:GAIRL - mlp - rewterm:INFO: Current step: 100000
Loss: 0.053514318923202686

--------------------------------------------------

2019-03-12 14:55:02,525:GAIRL - mlp - rewterm:INFO: Saving the model

2019-03-12 14:55:35,956:GAIRL - mlp - rewterm:INFO: Saving the model

2019-03-12 14:56:06,910:GAIRL - mlp - rewterm:INFO: Saving the model

2019-03-12 14:56:36,815:GAIRL - mlp - rewterm:INFO: Saving the model

2019-03-12 14:57:09,942:GAIRL - mlp - rewterm:INFO: Saving the model

2019-03-12 14:57:43,794:GAIRL - mlp - rewterm:INFO: Saving the model

2019-03-12 14:58:15,535:GAIRL - mlp - rewterm:INFO: Saving the model

2019-03-12 14:58:48,382:GAIRL - mlp - rewterm:INFO: Saving the model

2019-03-12 14:59:21,940:GAIRL - mlp - rewterm:INFO: Saving the model

2019-03-12 14:59:58,173:GAIRL - mlp - rewterm:INFO: Saving the model

2019-03-12 15:00:29,358:GAIRL - mlp - rewterm:INFO: Saving the model

2019-03-12 15:01:00,228:GAIRL - mlp - rewterm:INFO: Saving the model

2019-03-12 15:01:32,259:GAIRL - mlp - rewterm:INFO: Saving the model

2019-03-12 15:02:06,969:GAIRL - mlp - rewterm:INFO: Saving the model

2019-03-12 15:02:37,340:GAIRL - mlp - rewterm:INFO: Saving the model

2019-03-12 15:03:08,114:GAIRL - mlp - rewterm:INFO: Saving the model

2019-03-12 15:03:36,743:GAIRL - mlp - rewterm:INFO: Saving the model

2019-03-12 15:04:06,726:GAIRL - mlp - rewterm:INFO: Saving the model

2019-03-12 15:04:36,219:GAIRL - mlp - rewterm:INFO: Saving the model

2019-03-12 15:05:12,804:GAIRL - mlp - rewterm:INFO: Saving the model

2019-03-12 15:05:45,381:GAIRL - mlp - rewterm:INFO: Saving the model

2019-03-12 15:06:16,787:GAIRL - mlp - rewterm:INFO: Saving the model

2019-03-12 15:06:48,422:GAIRL - mlp - rewterm:INFO: Saving the model

2019-03-12 15:07:20,844:GAIRL - mlp - rewterm:INFO: Saving the model

2019-03-12 15:07:53,852:GAIRL - mlp - rewterm:INFO: Saving the model

2019-03-12 15:08:28,753:GAIRL - mlp - rewterm:INFO: Saving the model

2019-03-12 15:09:01,480:GAIRL - mlp - rewterm:INFO: Saving the model

2019-03-12 15:09:33,234:GAIRL - mlp - rewterm:INFO: Saving the model

2019-03-12 15:10:06,545:GAIRL - mlp - rewterm:INFO: Saving the model

2019-03-12 15:10:38,901:GAIRL - mlp - rewterm:INFO: Saving the model

2019-03-12 15:11:10,155:GAIRL - mlp - rewterm:INFO: Saving the model

2019-03-12 15:11:41,498:GAIRL - mlp - rewterm:INFO: Saving the model

2019-03-12 15:12:13,599:GAIRL - mlp - rewterm:INFO: Saving the model

2019-03-12 15:12:45,145:GAIRL - mlp - rewterm:INFO: Saving the model

2019-03-12 15:13:19,321:GAIRL - mlp - rewterm:INFO: Saving the model

2019-03-12 15:13:51,827:GAIRL - mlp - rewterm:INFO: Saving the model

2019-03-12 15:14:23,638:GAIRL - mlp - rewterm:INFO: Saving the model

2019-03-12 15:15:01,002:GAIRL - mlp - rewterm:INFO: Saving the model

2019-03-12 15:15:31,353:GAIRL - mlp - rewterm:INFO: Saving the model

2019-03-12 15:15:59,743:GAIRL - mlp - rewterm:INFO: Saving the model

2019-03-12 15:16:28,034:GAIRL - mlp - rewterm:INFO: Saving the model

2019-03-12 15:16:56,355:GAIRL - mlp - rewterm:INFO: Saving the model

2019-03-12 15:17:23,504:GAIRL - mlp - rewterm:INFO: Saving the model

2019-03-12 15:17:46,945:GAIRL - mlp - rewterm:INFO: Saving the model

2019-03-12 15:18:13,672:GAIRL - mlp - rewterm:INFO: Saving the model

2019-03-12 15:18:42,809:GAIRL - mlp - rewterm:INFO: Saving the model

2019-03-12 15:19:12,078:GAIRL - mlp - rewterm:INFO: Saving the model

2019-03-12 15:19:41,103:GAIRL - mlp - rewterm:INFO: Saving the model

2019-03-12 15:20:09,207:GAIRL - mlp - rewterm:INFO: Saving the model

2019-03-12 15:20:37,497:GAIRL - mlp - rewterm:INFO: Saving the model

2019-03-12 15:20:37,680:GAIRL - mlp - rewterm:INFO: Current step: 150000
Loss: 0.0530003211733439

--------------------------------------------------

2019-03-12 15:24:54,283:GAIRL - mlp - rewterm:INFO: Saving the model

2019-03-12 15:25:25,606:GAIRL - mlp - rewterm:INFO: Saving the model

2019-03-12 15:25:56,141:GAIRL - mlp - rewterm:INFO: Saving the model

2019-03-12 15:26:26,731:GAIRL - mlp - rewterm:INFO: Saving the model

2019-03-12 15:27:01,452:GAIRL - mlp - rewterm:INFO: Saving the model

2019-03-12 15:27:34,953:GAIRL - mlp - rewterm:INFO: Saving the model

2019-03-12 15:28:04,587:GAIRL - mlp - rewterm:INFO: Saving the model

2019-03-12 15:28:38,885:GAIRL - mlp - rewterm:INFO: Saving the model

2019-03-12 15:29:11,131:GAIRL - mlp - rewterm:INFO: Saving the model

2019-03-12 15:29:44,802:GAIRL - mlp - rewterm:INFO: Saving the model

2019-03-12 15:30:17,925:GAIRL - mlp - rewterm:INFO: Saving the model

2019-03-12 15:30:48,798:GAIRL - mlp - rewterm:INFO: Saving the model

2019-03-12 15:31:18,600:GAIRL - mlp - rewterm:INFO: Saving the model

2019-03-12 15:31:47,591:GAIRL - mlp - rewterm:INFO: Saving the model

2019-03-12 15:32:16,457:GAIRL - mlp - rewterm:INFO: Saving the model

2019-03-12 15:32:45,426:GAIRL - mlp - rewterm:INFO: Saving the model

2019-03-12 15:33:14,156:GAIRL - mlp - rewterm:INFO: Saving the model

2019-03-12 15:33:42,524:GAIRL - mlp - rewterm:INFO: Saving the model

2019-03-12 15:34:11,001:GAIRL - mlp - rewterm:INFO: Saving the model

2019-03-12 15:34:39,411:GAIRL - mlp - rewterm:INFO: Saving the model

2019-03-12 15:35:07,615:GAIRL - mlp - rewterm:INFO: Saving the model

2019-03-12 15:35:35,654:GAIRL - mlp - rewterm:INFO: Saving the model

2019-03-12 15:36:03,705:GAIRL - mlp - rewterm:INFO: Saving the model

2019-03-12 15:36:32,138:GAIRL - mlp - rewterm:INFO: Saving the model

2019-03-12 15:37:00,678:GAIRL - mlp - rewterm:INFO: Saving the model

2019-03-12 15:37:29,097:GAIRL - mlp - rewterm:INFO: Saving the model

2019-03-12 15:37:57,653:GAIRL - mlp - rewterm:INFO: Saving the model

2019-03-12 15:38:25,923:GAIRL - mlp - rewterm:INFO: Saving the model

2019-03-12 15:38:54,215:GAIRL - mlp - rewterm:INFO: Saving the model

2019-03-12 15:39:22,680:GAIRL - mlp - rewterm:INFO: Saving the model

2019-03-12 15:39:50,842:GAIRL - mlp - rewterm:INFO: Saving the model

2019-03-12 15:40:19,153:GAIRL - mlp - rewterm:INFO: Saving the model

2019-03-12 15:40:47,411:GAIRL - mlp - rewterm:INFO: Saving the model

2019-03-12 15:41:17,438:GAIRL - mlp - rewterm:INFO: Saving the model

2019-03-12 15:41:45,718:GAIRL - mlp - rewterm:INFO: Saving the model

2019-03-12 15:42:14,133:GAIRL - mlp - rewterm:INFO: Saving the model

2019-03-12 15:42:42,208:GAIRL - mlp - rewterm:INFO: Saving the model

2019-03-12 15:43:10,366:GAIRL - mlp - rewterm:INFO: Saving the model

2019-03-12 15:43:38,690:GAIRL - mlp - rewterm:INFO: Saving the model

2019-03-12 15:44:06,835:GAIRL - mlp - rewterm:INFO: Saving the model

2019-03-12 15:44:34,878:GAIRL - mlp - rewterm:INFO: Saving the model

2019-03-12 15:45:02,962:GAIRL - mlp - rewterm:INFO: Saving the model

2019-03-12 15:45:31,963:GAIRL - mlp - rewterm:INFO: Saving the model

2019-03-12 15:45:58,991:GAIRL - mlp - rewterm:INFO: Saving the model

2019-03-12 15:46:23,593:GAIRL - mlp - rewterm:INFO: Saving the model

2019-03-12 15:46:47,088:GAIRL - mlp - rewterm:INFO: Saving the model

2019-03-12 15:47:12,062:GAIRL - mlp - rewterm:INFO: Saving the model

2019-03-12 15:47:35,189:GAIRL - mlp - rewterm:INFO: Saving the model

2019-03-12 15:47:59,507:GAIRL - mlp - rewterm:INFO: Saving the model

2019-03-12 15:48:23,241:GAIRL - mlp - rewterm:INFO: Saving the model

2019-03-12 15:48:23,447:GAIRL - mlp - rewterm:INFO: Current step: 200000
Loss: 0.029463248383715557

--------------------------------------------------

2019-03-12 15:52:41,968:GAIRL - mlp - rewterm:INFO: Saving the model

2019-03-12 15:53:14,301:GAIRL - mlp - rewterm:INFO: Saving the model

2019-03-12 15:53:46,657:GAIRL - mlp - rewterm:INFO: Saving the model

2019-03-12 15:54:19,032:GAIRL - mlp - rewterm:INFO: Saving the model

2019-03-12 15:54:48,445:GAIRL - mlp - rewterm:INFO: Saving the model

2019-03-12 15:55:18,250:GAIRL - mlp - rewterm:INFO: Saving the model

2019-03-12 15:55:48,087:GAIRL - mlp - rewterm:INFO: Saving the model

2019-03-12 15:56:17,529:GAIRL - mlp - rewterm:INFO: Saving the model

2019-03-12 15:56:47,499:GAIRL - mlp - rewterm:INFO: Saving the model

2019-03-12 15:57:16,122:GAIRL - mlp - rewterm:INFO: Saving the model

2019-03-12 15:57:44,869:GAIRL - mlp - rewterm:INFO: Saving the model

2019-03-12 15:58:14,589:GAIRL - mlp - rewterm:INFO: Saving the model

2019-03-12 15:58:44,234:GAIRL - mlp - rewterm:INFO: Saving the model

2019-03-12 15:59:13,316:GAIRL - mlp - rewterm:INFO: Saving the model

2019-03-12 15:59:43,578:GAIRL - mlp - rewterm:INFO: Saving the model

2019-03-12 16:00:16,299:GAIRL - mlp - rewterm:INFO: Saving the model

2019-03-12 16:00:54,263:GAIRL - mlp - rewterm:INFO: Saving the model

2019-03-12 16:01:29,837:GAIRL - mlp - rewterm:INFO: Saving the model

2019-03-12 16:02:04,170:GAIRL - mlp - rewterm:INFO: Saving the model

2019-03-12 16:02:39,238:GAIRL - mlp - rewterm:INFO: Saving the model

2019-03-12 16:03:12,618:GAIRL - mlp - rewterm:INFO: Saving the model

2019-03-12 16:03:47,495:GAIRL - mlp - rewterm:INFO: Saving the model

2019-03-12 16:04:21,020:GAIRL - mlp - rewterm:INFO: Saving the model

2019-03-12 16:05:01,257:GAIRL - mlp - rewterm:INFO: Saving the model

2019-03-12 16:05:43,099:GAIRL - mlp - rewterm:INFO: Saving the model

2019-03-12 16:06:25,256:GAIRL - mlp - rewterm:INFO: Saving the model

2019-03-12 16:07:06,733:GAIRL - mlp - rewterm:INFO: Saving the model

2019-03-12 16:07:48,563:GAIRL - mlp - rewterm:INFO: Saving the model

2019-03-12 16:08:30,041:GAIRL - mlp - rewterm:INFO: Saving the model

2019-03-12 16:09:11,737:GAIRL - mlp - rewterm:INFO: Saving the model

2019-03-12 16:09:54,315:GAIRL - mlp - rewterm:INFO: Saving the model

2019-03-12 16:10:35,719:GAIRL - mlp - rewterm:INFO: Saving the model

2019-03-12 16:11:17,250:GAIRL - mlp - rewterm:INFO: Saving the model

2019-03-12 16:11:50,097:GAIRL - mlp - rewterm:INFO: Saving the model

2019-03-12 16:12:20,966:GAIRL - mlp - rewterm:INFO: Saving the model

2019-03-12 16:13:02,679:GAIRL - mlp - rewterm:INFO: Saving the model

2019-03-12 16:13:43,398:GAIRL - mlp - rewterm:INFO: Saving the model

2019-03-12 16:14:17,381:GAIRL - mlp - rewterm:INFO: Saving the model

2019-03-12 16:14:50,360:GAIRL - mlp - rewterm:INFO: Saving the model

2019-03-12 16:15:23,563:GAIRL - mlp - rewterm:INFO: Saving the model

2019-03-12 16:15:56,922:GAIRL - mlp - rewterm:INFO: Saving the model

2019-03-12 16:16:29,817:GAIRL - mlp - rewterm:INFO: Saving the model

2019-03-12 16:17:09,578:GAIRL - mlp - rewterm:INFO: Saving the model

2019-03-12 16:17:50,965:GAIRL - mlp - rewterm:INFO: Saving the model

2019-03-12 16:18:31,575:GAIRL - mlp - rewterm:INFO: Saving the model

2019-03-12 16:19:07,749:GAIRL - mlp - rewterm:INFO: Saving the model

2019-03-12 16:19:44,809:GAIRL - mlp - rewterm:INFO: Saving the model

2019-03-12 16:20:12,319:GAIRL - mlp - rewterm:INFO: Saving the model

2019-03-12 16:20:39,695:GAIRL - mlp - rewterm:INFO: Saving the model

2019-03-12 16:21:04,678:GAIRL - mlp - rewterm:INFO: Saving the model

2019-03-12 16:21:04,842:GAIRL - mlp - rewterm:INFO: Current step: 250000
Loss: 0.024061418221517465

--------------------------------------------------

2019-03-12 16:25:16,474:GAIRL - mlp - rewterm:INFO: Saving the model

2019-03-12 16:25:50,283:GAIRL - mlp - rewterm:INFO: Saving the model

2019-03-12 16:26:18,769:GAIRL - mlp - rewterm:INFO: Saving the model

2019-03-12 16:26:47,299:GAIRL - mlp - rewterm:INFO: Saving the model

2019-03-12 16:27:15,629:GAIRL - mlp - rewterm:INFO: Saving the model

2019-03-12 16:27:43,583:GAIRL - mlp - rewterm:INFO: Saving the model

2019-03-12 16:28:12,076:GAIRL - mlp - rewterm:INFO: Saving the model

2019-03-12 16:28:40,159:GAIRL - mlp - rewterm:INFO: Saving the model

2019-03-12 16:29:09,913:GAIRL - mlp - rewterm:INFO: Saving the model

2019-03-12 16:29:38,851:GAIRL - mlp - rewterm:INFO: Saving the model

2019-03-12 16:30:06,592:GAIRL - mlp - rewterm:INFO: Saving the model

2019-03-12 16:30:34,746:GAIRL - mlp - rewterm:INFO: Saving the model

2019-03-12 16:31:04,031:GAIRL - mlp - rewterm:INFO: Saving the model

2019-03-12 16:31:32,402:GAIRL - mlp - rewterm:INFO: Saving the model

2019-03-12 16:32:00,636:GAIRL - mlp - rewterm:INFO: Saving the model

2019-03-12 16:32:29,040:GAIRL - mlp - rewterm:INFO: Saving the model

2019-03-12 16:32:57,200:GAIRL - mlp - rewterm:INFO: Saving the model

2019-03-12 16:33:25,379:GAIRL - mlp - rewterm:INFO: Saving the model

2019-03-12 16:33:53,534:GAIRL - mlp - rewterm:INFO: Saving the model

2019-03-12 16:34:23,341:GAIRL - mlp - rewterm:INFO: Saving the model

2019-03-12 16:34:51,645:GAIRL - mlp - rewterm:INFO: Saving the model

2019-03-12 16:35:19,882:GAIRL - mlp - rewterm:INFO: Saving the model

2019-03-12 16:35:48,174:GAIRL - mlp - rewterm:INFO: Saving the model

2019-03-12 16:36:16,187:GAIRL - mlp - rewterm:INFO: Saving the model

2019-03-12 16:36:44,206:GAIRL - mlp - rewterm:INFO: Saving the model

2019-03-12 16:37:12,477:GAIRL - mlp - rewterm:INFO: Saving the model

2019-03-12 16:37:40,737:GAIRL - mlp - rewterm:INFO: Saving the model

2019-03-12 16:38:08,635:GAIRL - mlp - rewterm:INFO: Saving the model

2019-03-12 16:38:38,819:GAIRL - mlp - rewterm:INFO: Saving the model

2019-03-12 16:39:18,123:GAIRL - mlp - rewterm:INFO: Saving the model

2019-03-12 16:39:59,560:GAIRL - mlp - rewterm:INFO: Saving the model

2019-03-12 16:40:34,142:GAIRL - mlp - rewterm:INFO: Saving the model

2019-03-12 16:41:02,353:GAIRL - mlp - rewterm:INFO: Saving the model

2019-03-12 16:41:35,899:GAIRL - mlp - rewterm:INFO: Saving the model

2019-03-12 16:42:09,766:GAIRL - mlp - rewterm:INFO: Saving the model

2019-03-12 16:42:41,951:GAIRL - mlp - rewterm:INFO: Saving the model

2019-03-12 16:43:22,341:GAIRL - mlp - rewterm:INFO: Saving the model

2019-03-12 16:44:02,080:GAIRL - mlp - rewterm:INFO: Saving the model

2019-03-12 16:44:45,759:GAIRL - mlp - rewterm:INFO: Saving the model

2019-03-12 16:45:27,818:GAIRL - mlp - rewterm:INFO: Saving the model

2019-03-12 16:46:10,011:GAIRL - mlp - rewterm:INFO: Saving the model

2019-03-12 16:46:51,116:GAIRL - mlp - rewterm:INFO: Saving the model

2019-03-12 16:53:26,382:GAIRL - mlp - rewterm:INFO: Saving the model

2019-03-12 16:55:20,043:GAIRL - mlp - rewterm:INFO: Saving the model

2019-03-12 16:55:47,212:GAIRL - mlp - rewterm:INFO: Saving the model

2019-03-12 16:56:15,861:GAIRL - mlp - rewterm:INFO: Saving the model

2019-03-12 16:56:43,612:GAIRL - mlp - rewterm:INFO: Saving the model

2019-03-12 16:57:07,817:GAIRL - mlp - rewterm:INFO: Saving the model

2019-03-12 16:57:25,851:GAIRL - mlp - rewterm:INFO: Saving the model

2019-03-12 16:57:45,582:GAIRL - mlp - rewterm:INFO: Saving the model

2019-03-12 16:57:46,108:GAIRL - mlp - rewterm:INFO: Current step: 300000
Loss: 0.0438882916396576

--------------------------------------------------

2019-03-12 17:02:15,747:GAIRL - mlp - rewterm:INFO: Saving the model

2019-03-12 17:03:07,266:GAIRL - mlp - rewterm:INFO: Saving the model

2019-03-12 17:03:53,675:GAIRL - mlp - rewterm:INFO: Saving the model

2019-03-12 17:04:33,365:GAIRL - mlp - rewterm:INFO: Saving the model

2019-03-12 17:05:07,236:GAIRL - mlp - rewterm:INFO: Saving the model

2019-03-12 17:05:47,140:GAIRL - mlp - rewterm:INFO: Saving the model

