2019-03-11 21:42:36,501:GAIRL - mlp - rewterm:INFO: 
Creating MLP with:
Input shape (9,)
Output shape (2,)
Dtype: <dtype: 'float64'>
Network layers: [16, 16]
Activation function: leaky_relu
Dropout probability: 0.75
Optimizer: AdamOptimizer

2019-03-11 21:43:37,913:GAIRL - mlp - rewterm:INFO: Saving the model

2019-03-11 21:44:03,939:GAIRL - mlp - rewterm:INFO: Saving the model

2019-03-11 21:44:30,399:GAIRL - mlp - rewterm:INFO: Saving the model

2019-03-11 21:44:55,769:GAIRL - mlp - rewterm:INFO: Saving the model

2019-03-11 21:45:23,401:GAIRL - mlp - rewterm:INFO: Saving the model

2019-03-11 21:45:49,273:GAIRL - mlp - rewterm:INFO: Saving the model

2019-03-11 21:46:14,675:GAIRL - mlp - rewterm:INFO: Saving the model

2019-03-11 21:46:37,851:GAIRL - mlp - rewterm:INFO: Saving the model

2019-03-11 21:47:01,082:GAIRL - mlp - rewterm:INFO: Saving the model

2019-03-11 21:47:28,114:GAIRL - mlp - rewterm:INFO: Saving the model

2019-03-11 21:47:52,087:GAIRL - mlp - rewterm:INFO: Saving the model

2019-03-11 21:48:15,170:GAIRL - mlp - rewterm:INFO: Saving the model

2019-03-11 21:48:38,286:GAIRL - mlp - rewterm:INFO: Saving the model

2019-03-11 21:49:01,895:GAIRL - mlp - rewterm:INFO: Saving the model

2019-03-11 21:49:25,751:GAIRL - mlp - rewterm:INFO: Saving the model

2019-03-11 21:49:51,791:GAIRL - mlp - rewterm:INFO: Saving the model

2019-03-11 21:50:15,869:GAIRL - mlp - rewterm:INFO: Saving the model

2019-03-11 21:50:38,921:GAIRL - mlp - rewterm:INFO: Saving the model

2019-03-11 21:51:02,775:GAIRL - mlp - rewterm:INFO: Saving the model

2019-03-11 21:51:28,056:GAIRL - mlp - rewterm:INFO: Saving the model

2019-03-11 21:51:51,747:GAIRL - mlp - rewterm:INFO: Saving the model

2019-03-11 21:52:17,260:GAIRL - mlp - rewterm:INFO: Saving the model

2019-03-11 21:52:39,214:GAIRL - mlp - rewterm:INFO: Saving the model

2019-03-11 21:53:05,124:GAIRL - mlp - rewterm:INFO: Saving the model

2019-03-11 21:53:30,884:GAIRL - mlp - rewterm:INFO: Saving the model

2019-03-11 21:53:54,653:GAIRL - mlp - rewterm:INFO: Saving the model

2019-03-11 21:54:18,995:GAIRL - mlp - rewterm:INFO: Saving the model

2019-03-11 21:54:40,911:GAIRL - mlp - rewterm:INFO: Saving the model

2019-03-11 21:55:05,638:GAIRL - mlp - rewterm:INFO: Saving the model

2019-03-11 21:55:28,748:GAIRL - mlp - rewterm:INFO: Saving the model

2019-03-11 21:55:53,394:GAIRL - mlp - rewterm:INFO: Saving the model

2019-03-11 21:56:20,080:GAIRL - mlp - rewterm:INFO: Saving the model

2019-03-11 21:56:47,405:GAIRL - mlp - rewterm:INFO: Saving the model

2019-03-11 21:57:12,501:GAIRL - mlp - rewterm:INFO: Saving the model

2019-03-11 21:57:36,891:GAIRL - mlp - rewterm:INFO: Saving the model

2019-03-11 21:58:02,045:GAIRL - mlp - rewterm:INFO: Saving the model

2019-03-11 21:58:33,905:GAIRL - mlp - rewterm:INFO: Saving the model

2019-03-11 21:59:04,707:GAIRL - mlp - rewterm:INFO: Saving the model

2019-03-11 21:59:32,666:GAIRL - mlp - rewterm:INFO: Saving the model

2019-03-11 21:59:57,972:GAIRL - mlp - rewterm:INFO: Saving the model

2019-03-11 22:00:25,525:GAIRL - mlp - rewterm:INFO: Saving the model

2019-03-11 22:00:47,045:GAIRL - mlp - rewterm:INFO: Saving the model

2019-03-11 22:01:09,143:GAIRL - mlp - rewterm:INFO: Saving the model

2019-03-11 22:01:32,385:GAIRL - mlp - rewterm:INFO: Saving the model

2019-03-11 22:01:55,336:GAIRL - mlp - rewterm:INFO: Saving the model

2019-03-11 22:02:18,428:GAIRL - mlp - rewterm:INFO: Saving the model

2019-03-11 22:02:43,791:GAIRL - mlp - rewterm:INFO: Saving the model

2019-03-11 22:03:08,179:GAIRL - mlp - rewterm:INFO: Saving the model

2019-03-11 22:03:30,892:GAIRL - mlp - rewterm:INFO: Saving the model

2019-03-11 22:03:53,460:GAIRL - mlp - rewterm:INFO: Saving the model

2019-03-11 22:03:53,698:GAIRL - mlp - rewterm:INFO: Current step: 50000
Loss: 0.0500739239023927

--------------------------------------------------

2019-03-11 22:07:33,253:GAIRL - mlp - rewterm:INFO: Saving the model

2019-03-11 22:07:56,999:GAIRL - mlp - rewterm:INFO: Saving the model

2019-03-11 22:08:18,686:GAIRL - mlp - rewterm:INFO: Saving the model

2019-03-11 22:08:39,612:GAIRL - mlp - rewterm:INFO: Saving the model

2019-03-11 22:09:01,267:GAIRL - mlp - rewterm:INFO: Saving the model

2019-03-11 22:09:22,964:GAIRL - mlp - rewterm:INFO: Saving the model

2019-03-11 22:09:43,914:GAIRL - mlp - rewterm:INFO: Saving the model

2019-03-11 22:10:05,756:GAIRL - mlp - rewterm:INFO: Saving the model

2019-03-11 22:10:30,024:GAIRL - mlp - rewterm:INFO: Saving the model

2019-03-11 22:10:52,773:GAIRL - mlp - rewterm:INFO: Saving the model

2019-03-11 22:11:14,529:GAIRL - mlp - rewterm:INFO: Saving the model

2019-03-11 22:11:36,605:GAIRL - mlp - rewterm:INFO: Saving the model

2019-03-11 22:12:00,849:GAIRL - mlp - rewterm:INFO: Saving the model

2019-03-11 22:12:27,473:GAIRL - mlp - rewterm:INFO: Saving the model

2019-03-11 22:12:53,034:GAIRL - mlp - rewterm:INFO: Saving the model

2019-03-11 22:13:15,252:GAIRL - mlp - rewterm:INFO: Saving the model

2019-03-11 22:13:38,644:GAIRL - mlp - rewterm:INFO: Saving the model

2019-03-11 22:14:00,984:GAIRL - mlp - rewterm:INFO: Saving the model

2019-03-11 22:14:24,139:GAIRL - mlp - rewterm:INFO: Saving the model

2019-03-11 22:14:48,608:GAIRL - mlp - rewterm:INFO: Saving the model

2019-03-11 22:15:14,301:GAIRL - mlp - rewterm:INFO: Saving the model

2019-03-11 22:15:39,031:GAIRL - mlp - rewterm:INFO: Saving the model

2019-03-11 22:16:01,451:GAIRL - mlp - rewterm:INFO: Saving the model

2019-03-11 22:16:23,698:GAIRL - mlp - rewterm:INFO: Saving the model

2019-03-11 22:16:45,834:GAIRL - mlp - rewterm:INFO: Saving the model

2019-03-11 22:17:07,436:GAIRL - mlp - rewterm:INFO: Saving the model

2019-03-11 22:17:29,622:GAIRL - mlp - rewterm:INFO: Saving the model

2019-03-11 22:17:58,251:GAIRL - mlp - rewterm:INFO: Saving the model

2019-03-11 22:18:23,786:GAIRL - mlp - rewterm:INFO: Saving the model

2019-03-11 22:18:48,108:GAIRL - mlp - rewterm:INFO: Saving the model

2019-03-11 22:19:10,898:GAIRL - mlp - rewterm:INFO: Saving the model

2019-03-11 22:19:36,571:GAIRL - mlp - rewterm:INFO: Saving the model

2019-03-11 22:20:06,778:GAIRL - mlp - rewterm:INFO: Saving the model

2019-03-11 22:20:32,778:GAIRL - mlp - rewterm:INFO: Saving the model

2019-03-11 22:20:59,283:GAIRL - mlp - rewterm:INFO: Saving the model

2019-03-11 22:21:28,701:GAIRL - mlp - rewterm:INFO: Saving the model

2019-03-11 22:21:57,015:GAIRL - mlp - rewterm:INFO: Saving the model

2019-03-11 22:22:23,837:GAIRL - mlp - rewterm:INFO: Saving the model

2019-03-11 22:22:49,149:GAIRL - mlp - rewterm:INFO: Saving the model

2019-03-11 22:23:17,952:GAIRL - mlp - rewterm:INFO: Saving the model

2019-03-11 22:23:45,046:GAIRL - mlp - rewterm:INFO: Saving the model

2019-03-11 22:24:09,729:GAIRL - mlp - rewterm:INFO: Saving the model

2019-03-11 22:24:34,003:GAIRL - mlp - rewterm:INFO: Saving the model

2019-03-11 22:24:58,428:GAIRL - mlp - rewterm:INFO: Saving the model

2019-03-11 22:25:26,312:GAIRL - mlp - rewterm:INFO: Saving the model

2019-03-11 22:25:49,826:GAIRL - mlp - rewterm:INFO: Saving the model

2019-03-11 22:26:15,235:GAIRL - mlp - rewterm:INFO: Saving the model

2019-03-11 22:26:42,428:GAIRL - mlp - rewterm:INFO: Saving the model

2019-03-11 22:27:11,122:GAIRL - mlp - rewterm:INFO: Saving the model

2019-03-11 22:27:36,685:GAIRL - mlp - rewterm:INFO: Saving the model

2019-03-11 22:27:36,878:GAIRL - mlp - rewterm:INFO: Current step: 100000
Loss: 0.03983404948805275

--------------------------------------------------

2019-03-11 22:31:20,371:GAIRL - mlp - rewterm:INFO: Saving the model

2019-03-11 22:31:46,695:GAIRL - mlp - rewterm:INFO: Saving the model

2019-03-11 22:32:13,074:GAIRL - mlp - rewterm:INFO: Saving the model

2019-03-11 22:32:36,586:GAIRL - mlp - rewterm:INFO: Saving the model

2019-03-11 22:33:01,087:GAIRL - mlp - rewterm:INFO: Saving the model

2019-03-11 22:33:24,646:GAIRL - mlp - rewterm:INFO: Saving the model

2019-03-11 22:33:49,066:GAIRL - mlp - rewterm:INFO: Saving the model

2019-03-11 22:34:13,426:GAIRL - mlp - rewterm:INFO: Saving the model

2019-03-11 22:34:40,423:GAIRL - mlp - rewterm:INFO: Saving the model

2019-03-11 22:35:06,575:GAIRL - mlp - rewterm:INFO: Saving the model

2019-03-11 22:35:27,657:GAIRL - mlp - rewterm:INFO: Saving the model

2019-03-11 22:35:47,285:GAIRL - mlp - rewterm:INFO: Saving the model

2019-03-11 22:36:05,971:GAIRL - mlp - rewterm:INFO: Saving the model

2019-03-11 22:36:26,848:GAIRL - mlp - rewterm:INFO: Saving the model

2019-03-11 22:36:47,463:GAIRL - mlp - rewterm:INFO: Saving the model

2019-03-11 22:37:07,297:GAIRL - mlp - rewterm:INFO: Saving the model

2019-03-11 22:37:26,736:GAIRL - mlp - rewterm:INFO: Saving the model

2019-03-11 22:37:48,465:GAIRL - mlp - rewterm:INFO: Saving the model

2019-03-11 22:38:11,042:GAIRL - mlp - rewterm:INFO: Saving the model

2019-03-11 22:38:38,599:GAIRL - mlp - rewterm:INFO: Saving the model

2019-03-11 22:39:11,790:GAIRL - mlp - rewterm:INFO: Saving the model

2019-03-11 22:39:46,147:GAIRL - mlp - rewterm:INFO: Saving the model

2019-03-11 22:40:20,308:GAIRL - mlp - rewterm:INFO: Saving the model

2019-03-11 22:40:53,282:GAIRL - mlp - rewterm:INFO: Saving the model

2019-03-11 22:41:24,709:GAIRL - mlp - rewterm:INFO: Saving the model

2019-03-11 22:41:54,995:GAIRL - mlp - rewterm:INFO: Saving the model

2019-03-11 22:42:27,517:GAIRL - mlp - rewterm:INFO: Saving the model

2019-03-11 22:42:58,004:GAIRL - mlp - rewterm:INFO: Saving the model

2019-03-11 22:43:27,936:GAIRL - mlp - rewterm:INFO: Saving the model

2019-03-11 22:43:57,345:GAIRL - mlp - rewterm:INFO: Saving the model

2019-03-11 22:44:26,347:GAIRL - mlp - rewterm:INFO: Saving the model

2019-03-11 22:44:55,439:GAIRL - mlp - rewterm:INFO: Saving the model

2019-03-11 22:45:25,709:GAIRL - mlp - rewterm:INFO: Saving the model

2019-03-11 22:45:55,449:GAIRL - mlp - rewterm:INFO: Saving the model

2019-03-11 22:46:25,587:GAIRL - mlp - rewterm:INFO: Saving the model

2019-03-11 22:46:55,359:GAIRL - mlp - rewterm:INFO: Saving the model

2019-03-11 22:47:25,484:GAIRL - mlp - rewterm:INFO: Saving the model

2019-03-11 22:47:53,970:GAIRL - mlp - rewterm:INFO: Saving the model

2019-03-11 22:48:23,410:GAIRL - mlp - rewterm:INFO: Saving the model

2019-03-11 22:48:52,727:GAIRL - mlp - rewterm:INFO: Saving the model

2019-03-11 22:49:23,970:GAIRL - mlp - rewterm:INFO: Saving the model

2019-03-11 22:49:53,592:GAIRL - mlp - rewterm:INFO: Saving the model

2019-03-11 22:50:28,582:GAIRL - mlp - rewterm:INFO: Saving the model

2019-03-11 22:51:03,030:GAIRL - mlp - rewterm:INFO: Saving the model

2019-03-11 22:51:38,704:GAIRL - mlp - rewterm:INFO: Saving the model

2019-03-11 22:52:11,499:GAIRL - mlp - rewterm:INFO: Saving the model

2019-03-11 22:52:44,581:GAIRL - mlp - rewterm:INFO: Saving the model

2019-03-11 22:53:18,563:GAIRL - mlp - rewterm:INFO: Saving the model

2019-03-11 22:53:53,953:GAIRL - mlp - rewterm:INFO: Saving the model

2019-03-11 22:54:23,173:GAIRL - mlp - rewterm:INFO: Saving the model

2019-03-11 22:54:23,392:GAIRL - mlp - rewterm:INFO: Current step: 150000
Loss: 0.05879982577870256

--------------------------------------------------

2019-03-11 22:58:41,765:GAIRL - mlp - rewterm:INFO: Saving the model

2019-03-11 22:59:11,282:GAIRL - mlp - rewterm:INFO: Saving the model

2019-03-11 22:59:44,185:GAIRL - mlp - rewterm:INFO: Saving the model

2019-03-11 23:00:15,557:GAIRL - mlp - rewterm:INFO: Saving the model

2019-03-11 23:00:45,559:GAIRL - mlp - rewterm:INFO: Saving the model

2019-03-11 23:01:14,320:GAIRL - mlp - rewterm:INFO: Saving the model

2019-03-11 23:01:44,225:GAIRL - mlp - rewterm:INFO: Saving the model

2019-03-11 23:02:13,887:GAIRL - mlp - rewterm:INFO: Saving the model

2019-03-11 23:02:43,321:GAIRL - mlp - rewterm:INFO: Saving the model

2019-03-11 23:03:10,752:GAIRL - mlp - rewterm:INFO: Saving the model

2019-03-11 23:03:36,565:GAIRL - mlp - rewterm:INFO: Saving the model

2019-03-11 23:04:03,079:GAIRL - mlp - rewterm:INFO: Saving the model

2019-03-11 23:04:26,341:GAIRL - mlp - rewterm:INFO: Saving the model

2019-03-11 23:04:49,581:GAIRL - mlp - rewterm:INFO: Saving the model

2019-03-11 23:05:12,817:GAIRL - mlp - rewterm:INFO: Saving the model

2019-03-11 23:05:35,837:GAIRL - mlp - rewterm:INFO: Saving the model

2019-03-11 23:06:02,728:GAIRL - mlp - rewterm:INFO: Saving the model

2019-03-11 23:06:27,457:GAIRL - mlp - rewterm:INFO: Saving the model

2019-03-11 23:06:51,379:GAIRL - mlp - rewterm:INFO: Saving the model

2019-03-11 23:07:20,302:GAIRL - mlp - rewterm:INFO: Saving the model

2019-03-11 23:07:51,926:GAIRL - mlp - rewterm:INFO: Saving the model

2019-03-11 23:08:26,924:GAIRL - mlp - rewterm:INFO: Saving the model

2019-03-11 23:09:01,515:GAIRL - mlp - rewterm:INFO: Saving the model

2019-03-11 23:09:35,540:GAIRL - mlp - rewterm:INFO: Saving the model

2019-03-11 23:10:09,785:GAIRL - mlp - rewterm:INFO: Saving the model

2019-03-11 23:10:43,898:GAIRL - mlp - rewterm:INFO: Saving the model

2019-03-11 23:11:14,210:GAIRL - mlp - rewterm:INFO: Saving the model

2019-03-11 23:11:45,469:GAIRL - mlp - rewterm:INFO: Saving the model

2019-03-11 23:12:20,623:GAIRL - mlp - rewterm:INFO: Saving the model

2019-03-11 23:12:55,095:GAIRL - mlp - rewterm:INFO: Saving the model

2019-03-11 23:13:28,548:GAIRL - mlp - rewterm:INFO: Saving the model

2019-03-11 23:14:03,327:GAIRL - mlp - rewterm:INFO: Saving the model

2019-03-11 23:14:38,852:GAIRL - mlp - rewterm:INFO: Saving the model

2019-03-11 23:15:11,451:GAIRL - mlp - rewterm:INFO: Saving the model

2019-03-11 23:15:42,704:GAIRL - mlp - rewterm:INFO: Saving the model

2019-03-11 23:16:12,470:GAIRL - mlp - rewterm:INFO: Saving the model

2019-03-11 23:16:44,951:GAIRL - mlp - rewterm:INFO: Saving the model

2019-03-11 23:17:20,185:GAIRL - mlp - rewterm:INFO: Saving the model

2019-03-11 23:17:51,411:GAIRL - mlp - rewterm:INFO: Saving the model

2019-03-11 23:18:21,903:GAIRL - mlp - rewterm:INFO: Saving the model

2019-03-11 23:18:54,366:GAIRL - mlp - rewterm:INFO: Saving the model

2019-03-11 23:19:24,677:GAIRL - mlp - rewterm:INFO: Saving the model

2019-03-11 23:19:57,102:GAIRL - mlp - rewterm:INFO: Saving the model

2019-03-11 23:20:30,744:GAIRL - mlp - rewterm:INFO: Saving the model

2019-03-11 23:21:00,197:GAIRL - mlp - rewterm:INFO: Saving the model

2019-03-11 23:21:31,594:GAIRL - mlp - rewterm:INFO: Saving the model

2019-03-11 23:22:03,277:GAIRL - mlp - rewterm:INFO: Saving the model

2019-03-11 23:22:34,992:GAIRL - mlp - rewterm:INFO: Saving the model

2019-03-11 23:23:07,686:GAIRL - mlp - rewterm:INFO: Saving the model

2019-03-11 23:23:42,586:GAIRL - mlp - rewterm:INFO: Saving the model

2019-03-11 23:23:42,842:GAIRL - mlp - rewterm:INFO: Current step: 200000
Loss: 0.05638397288762943

--------------------------------------------------

2019-03-11 23:28:29,842:GAIRL - mlp - rewterm:INFO: Saving the model

2019-03-11 23:28:58,534:GAIRL - mlp - rewterm:INFO: Saving the model

2019-03-11 23:29:27,808:GAIRL - mlp - rewterm:INFO: Saving the model

2019-03-11 23:29:57,638:GAIRL - mlp - rewterm:INFO: Saving the model

2019-03-11 23:30:26,856:GAIRL - mlp - rewterm:INFO: Saving the model

2019-03-11 23:30:56,398:GAIRL - mlp - rewterm:INFO: Saving the model

2019-03-11 23:31:25,346:GAIRL - mlp - rewterm:INFO: Saving the model

2019-03-11 23:31:54,592:GAIRL - mlp - rewterm:INFO: Saving the model

2019-03-11 23:32:23,753:GAIRL - mlp - rewterm:INFO: Saving the model

2019-03-11 23:32:51,505:GAIRL - mlp - rewterm:INFO: Saving the model

2019-03-11 23:33:15,674:GAIRL - mlp - rewterm:INFO: Saving the model

2019-03-11 23:33:40,311:GAIRL - mlp - rewterm:INFO: Saving the model

2019-03-11 23:34:08,979:GAIRL - mlp - rewterm:INFO: Saving the model

2019-03-11 23:34:40,785:GAIRL - mlp - rewterm:INFO: Saving the model

2019-03-11 23:35:06,575:GAIRL - mlp - rewterm:INFO: Saving the model

2019-03-11 23:35:32,434:GAIRL - mlp - rewterm:INFO: Saving the model

2019-03-11 23:35:57,409:GAIRL - mlp - rewterm:INFO: Saving the model

2019-03-11 23:36:24,631:GAIRL - mlp - rewterm:INFO: Saving the model

2019-03-11 23:36:50,756:GAIRL - mlp - rewterm:INFO: Saving the model

2019-03-11 23:37:19,276:GAIRL - mlp - rewterm:INFO: Saving the model

2019-03-11 23:37:53,926:GAIRL - mlp - rewterm:INFO: Saving the model

2019-03-11 23:38:29,360:GAIRL - mlp - rewterm:INFO: Saving the model

2019-03-11 23:39:03,926:GAIRL - mlp - rewterm:INFO: Saving the model

2019-03-11 23:39:39,317:GAIRL - mlp - rewterm:INFO: Saving the model

2019-03-11 23:40:13,415:GAIRL - mlp - rewterm:INFO: Saving the model

2019-03-11 23:40:47,350:GAIRL - mlp - rewterm:INFO: Saving the model

2019-03-11 23:41:23,284:GAIRL - mlp - rewterm:INFO: Saving the model

2019-03-11 23:42:01,488:GAIRL - mlp - rewterm:INFO: Saving the model

2019-03-11 23:42:34,395:GAIRL - mlp - rewterm:INFO: Saving the model

2019-03-11 23:43:05,454:GAIRL - mlp - rewterm:INFO: Saving the model

2019-03-11 23:43:36,955:GAIRL - mlp - rewterm:INFO: Saving the model

2019-03-11 23:44:05,457:GAIRL - mlp - rewterm:INFO: Saving the model

2019-03-11 23:44:33,900:GAIRL - mlp - rewterm:INFO: Saving the model

2019-03-11 23:45:02,305:GAIRL - mlp - rewterm:INFO: Saving the model

2019-03-11 23:45:30,562:GAIRL - mlp - rewterm:INFO: Saving the model

2019-03-11 23:45:59,163:GAIRL - mlp - rewterm:INFO: Saving the model

2019-03-11 23:46:27,546:GAIRL - mlp - rewterm:INFO: Saving the model

2019-03-11 23:46:57,239:GAIRL - mlp - rewterm:INFO: Saving the model

2019-03-11 23:47:26,337:GAIRL - mlp - rewterm:INFO: Saving the model

2019-03-11 23:47:54,485:GAIRL - mlp - rewterm:INFO: Saving the model

2019-03-11 23:48:22,773:GAIRL - mlp - rewterm:INFO: Saving the model

2019-03-11 23:48:51,387:GAIRL - mlp - rewterm:INFO: Saving the model

2019-03-11 23:49:19,735:GAIRL - mlp - rewterm:INFO: Saving the model

2019-03-11 23:49:49,131:GAIRL - mlp - rewterm:INFO: Saving the model

2019-03-11 23:50:17,100:GAIRL - mlp - rewterm:INFO: Saving the model

2019-03-11 23:50:45,986:GAIRL - mlp - rewterm:INFO: Saving the model

2019-03-11 23:51:14,809:GAIRL - mlp - rewterm:INFO: Saving the model

2019-03-11 23:51:44,574:GAIRL - mlp - rewterm:INFO: Saving the model

2019-03-11 23:52:15,477:GAIRL - mlp - rewterm:INFO: Saving the model

2019-03-11 23:52:48,387:GAIRL - mlp - rewterm:INFO: Saving the model

2019-03-11 23:52:48,816:GAIRL - mlp - rewterm:INFO: Current step: 250000
Loss: 0.05800903060604038

--------------------------------------------------

